<?xml version="1.0" encoding="UTF-8" ?>
<testsuite errors="0" failures="0" hostname="Lubo" name="applet.Applet7ZipTest" skipped="0" tests="29" time="2.654" timestamp="2016-05-01T12:31:04">
  <properties>
[...]
</properties>
  <testcase classname="applet.Applet7ZipTest" name="badInsByte" time="0.201" />
  <testcase classname="applet.Applet7ZipTest" name="setAdminPinLogin" time="0.004" />
  <testcase classname="applet.Applet7ZipTest" name="badClaByte" time="0.002" />
  <testcase classname="applet.Applet7ZipTest" name="derivedKeysTest" time="2.056" />
  <testcase classname="applet.Applet7ZipTest" name="loginUserBadPin" time="0.0" />
  <testcase classname="applet.Applet7ZipTest" name="loginUserGoodPin" time="0.016" />
  <testcase classname="applet.Applet7ZipTest" name="loginAdminBadPin" time="0.0" />
  <testcase classname="applet.Applet7ZipTest" name="setAdminPinBadLength" time="0.0" />
  <testcase classname="applet.Applet7ZipTest" name="deriveNewKeyLogin" time="0.0" />
  <testcase classname="applet.Applet7ZipTest" name="deriveCtrKeyNoLogin" time="0.0" />
  <testcase classname="applet.Applet7ZipTest" name="deriveCtrKeyLogin" time="0.015" />
  <testcase classname="applet.Applet7ZipTest" name="deriveCtrKeyBadCtr" time="0.0" />
  <testcase classname="applet.Applet7ZipTest" name="loginAdminPinTriesBlock" time="0.047" />
  <testcase classname="applet.Applet7ZipTest" name="setPinUserAdminLogin" time="0.0" />
  <testcase classname="applet.Applet7ZipTest" name="setPinUserUserLogin" time="0.0" />
  <testcase classname="applet.Applet7ZipTest" name="generateMasterKeyNoLogin" time="0.0" />
  <testcase classname="applet.Applet7ZipTest" name="retrieveCurrentCtrNoLogin" time="0.0" />
  <testcase classname="applet.Applet7ZipTest" name="setUserPinBadLength" time="0.0" />
  <testcase classname="applet.Applet7ZipTest" name="loginUserPinTriesBlock" time="0.0" />
  <testcase classname="applet.Applet7ZipTest" name="loginUserPinTriesNoBlock" time="0.0" />
  <testcase classname="applet.Applet7ZipTest" name="setPinUserNoLogin" time="0.0" />
  <testcase classname="applet.Applet7ZipTest" name="loginAdminGoodPin" time="0.0" />
  <testcase classname="applet.Applet7ZipTest" name="loginAdminPinTriesNoBlock" time="0.109" />
  <testcase classname="applet.Applet7ZipTest" name="setAdminPinNoLogin" time="0.0" />
  <testcase classname="applet.Applet7ZipTest" name="generateMasterKeyLogin" time="0.016" />
  <testcase classname="applet.Applet7ZipTest" name="generateMasterKeyCtrZero" time="0.0" />
  <testcase classname="applet.Applet7ZipTest" name="retrieveCurrentCtrLogin" time="0.0" />
  <testcase classname="applet.Applet7ZipTest" name="deriveNewKeyNoLogin" time="0.0" />
  <testcase classname="applet.Applet7ZipTest" name="deriveCtrKeyIsValid" time="0.0" />
  <system-out><![CDATA[>>>>
13 69 00 00 00 
6d 00 
<<<<
>>>>
13 72 00 00 10 30 30 30 30 30 30 30 30 30 30 30 30 30 30 30 30 
90 00 
<<<<
>>>>
13 73 00 00 10 00 00 00 00 00 00 00 00 00 00 00 00 00 00 00 01 
90 00 
<<<<
>>>>
13 72 00 00 10 00 00 00 00 00 00 00 00 00 00 00 00 00 00 00 01 
90 00 
<<<<
>>>>
12 00 00 00 00 
6e 00 
<<<<
>>>>
13 70 00 00 04 30 30 30 30 
90 00 
<<<<
>>>>
13 76 00 00 00 
65 32 a0 6e d6 c9 58 3a 09 de ac 55 96 45 5c 62 8b d4 b8 2e bf 7b ed 1b f0 99 9f cd da 64 4c b9 90 00 
<<<<
>>>>
13 75 00 00 00 
00 00 00 00 00 00 00 01 90 00 
<<<<
>>>>
13 76 00 00 00 
2c 9e 8a ba 92 d5 31 0a 5c 5b 34 00 0a 44 49 6f 3d c4 4b 32 63 26 39 c1 1c d5 b5 1e a0 24 e4 b9 90 00 
<<<<
>>>>
13 77 00 00 08 00 00 00 00 00 00 00 01 
65 32 a0 6e d6 c9 58 3a 09 de ac 55 96 45 5c 62 8b d4 b8 2e bf 7b ed 1b f0 99 9f cd da 64 4c b9 90 00 
<<<<
>>>>
13 75 00 00 00 
00 00 00 00 00 00 00 02 90 00 
<<<<
>>>>
13 77 00 00 08 00 00 00 00 00 00 00 02 
2c 9e 8a ba 92 d5 31 0a 5c 5b 34 00 0a 44 49 6f 3d c4 4b 32 63 26 39 c1 1c d5 b5 1e a0 24 e4 b9 90 00 
<<<<
>>>>
13 76 00 00 00 
29 70 a1 8c 11 20 c3 0c 14 1a 14 70 d6 11 30 b7 51 7f 04 74 29 bb ed 77 2c 93 a4 01 5c 39 37 88 90 00 
<<<<
>>>>
13 75 00 00 00 
00 00 00 00 00 00 00 03 90 00 
<<<<
>>>>
13 76 00 00 00 
9d 68 19 7d 0b 21 1a 09 59 f2 67 24 92 70 12 c5 30 94 71 1d ed a2 8c c3 f2 dd bd 57 88 9e 64 96 90 00 
<<<<
>>>>
13 77 00 00 08 00 00 00 00 00 00 00 03 
29 70 a1 8c 11 20 c3 0c 14 1a 14 70 d6 11 30 b7 51 7f 04 74 29 bb ed 77 2c 93 a4 01 5c 39 37 88 90 00 
<<<<
>>>>
13 75 00 00 00 
00 00 00 00 00 00 00 04 90 00 
<<<<
>>>>
13 77 00 00 08 00 00 00 00 00 00 00 04 
9d 68 19 7d 0b 21 1a 09 59 f2 67 24 92 70 12 c5 30 94 71 1d ed a2 8c c3 f2 dd bd 57 88 9e 64 96 90 00 
<<<<
>>>>
13 76 00 00 00 
d7 eb a4 b3 ad 7e c4 62 3f fb 8b 9b 5e bf 2e e7 03 79 f0 1a 50 e2 f9 c1 97 98 59 50 8c e1 f1 f3 90 00 
<<<<
>>>>
13 75 00 00 00 
00 00 00 00 00 00 00 05 90 00 
<<<<
>>>>
13 76 00 00 00 
a7 7d cd 74 cb aa 53 6e ff 5b 94 d9 21 d1 4d 52 4f 62 bb ac 95 22 6d 4a a4 5e e3 a1 2d 77 0c 8c 90 00 
<<<<
>>>>
13 77 00 00 08 00 00 00 00 00 00 00 05 
d7 eb a4 b3 ad 7e c4 62 3f fb 8b 9b 5e bf 2e e7 03 79 f0 1a 50 e2 f9 c1 97 98 59 50 8c e1 f1 f3 90 00 
<<<<
>>>>
13 75 00 00 00 
00 00 00 00 00 00 00 06 90 00 
<<<<
>>>>
13 77 00 00 08 00 00 00 00 00 00 00 06 
a7 7d cd 74 cb aa 53 6e ff 5b 94 d9 21 d1 4d 52 4f 62 bb ac 95 22 6d 4a a4 5e e3 a1 2d 77 0c 8c 90 00 
<<<<
>>>>
13 76 00 00 00 
14 7b af cb 0f 69 03 61 17 20 b3 ea 88 4d 09 20 7f bc 54 01 21 af a8 46 c8 27 62 3c ff fe 9a 79 90 00 
<<<<
>>>>
13 75 00 00 00 
00 00 00 00 00 00 00 07 90 00 
<<<<
>>>>
13 76 00 00 00 
ae f0 ae bb 7c f2 d1 55 ef ea d5 c2 f9 72 33 91 77 68 05 ce 19 5d 55 12 82 85 93 61 8e a9 a1 13 90 00 
<<<<
>>>>
13 77 00 00 08 00 00 00 00 00 00 00 07 
14 7b af cb 0f 69 03 61 17 20 b3 ea 88 4d 09 20 7f bc 54 01 21 af a8 46 c8 27 62 3c ff fe 9a 79 90 00 
<<<<
>>>>
13 75 00 00 00 
00 00 00 00 00 00 00 08 90 00 
<<<<
>>>>
13 77 00 00 08 00 00 00 00 00 00 00 08 
ae f0 ae bb 7c f2 d1 55 ef ea d5 c2 f9 72 33 91 77 68 05 ce 19 5d 55 12 82 85 93 61 8e a9 a1 13 90 00 
<<<<
>>>>
13 76 00 00 00 
79 66 05 2e 6a 83 54 f7 ee f4 0e 25 82 cd fe a7 16 21 62 cf 1f 5d 38 a9 8f de 45 b8 63 dc 81 3a 90 00 
<<<<
>>>>
13 75 00 00 00 
00 00 00 00 00 00 00 09 90 00 
<<<<
>>>>
13 76 00 00 00 
7f 1e 7c e1 23 96 5c fc 9d 28 fd 43 1b db ef 7e a9 57 b7 b5 da 4b 81 80 29 d7 47 4e a0 80 80 b9 90 00 
<<<<
>>>>
13 77 00 00 08 00 00 00 00 00 00 00 09 
79 66 05 2e 6a 83 54 f7 ee f4 0e 25 82 cd fe a7 16 21 62 cf 1f 5d 38 a9 8f de 45 b8 63 dc 81 3a 90 00 
<<<<
>>>>
13 75 00 00 00 
00 00 00 00 00 00 00 0a 90 00 
<<<<
>>>>
13 77 00 00 08 00 00 00 00 00 00 00 0a 
7f 1e 7c e1 23 96 5c fc 9d 28 fd 43 1b db ef 7e a9 57 b7 b5 da 4b 81 80 29 d7 47 4e a0 80 80 b9 90 00 
<<<<
>>>>
13 76 00 00 00 
e2 8f bc d7 10 61 cc 3d eb d3 5f 4c 52 fc f0 ca 76 7b d4 46 c1 f2 dc cd 87 51 8a 44 16 56 5f 28 90 00 
<<<<
>>>>
13 75 00 00 00 
00 00 00 00 00 00 00 0b 90 00 
<<<<
>>>>
13 76 00 00 00 
22 b2 81 7a 89 33 09 e4 f1 4f 13 2a 55 64 0a a2 49 68 8b 28 ed 81 dc 1f f2 c5 bc 39 9a ce 5a 7a 90 00 
<<<<
>>>>
13 77 00 00 08 00 00 00 00 00 00 00 0b 
e2 8f bc d7 10 61 cc 3d eb d3 5f 4c 52 fc f0 ca 76 7b d4 46 c1 f2 dc cd 87 51 8a 44 16 56 5f 28 90 00 
<<<<
>>>>
13 75 00 00 00 
00 00 00 00 00 00 00 0c 90 00 
<<<<
>>>>
13 77 00 00 08 00 00 00 00 00 00 00 0c 
22 b2 81 7a 89 33 09 e4 f1 4f 13 2a 55 64 0a a2 49 68 8b 28 ed 81 dc 1f f2 c5 bc 39 9a ce 5a 7a 90 00 
<<<<
>>>>
13 76 00 00 00 
0e 85 1e b6 e5 6a 8c 98 6b 3a 17 f6 8a 9a ab c2 94 39 37 0f 89 ce 77 09 4e f8 50 19 46 33 cc 98 90 00 
<<<<
>>>>
13 75 00 00 00 
00 00 00 00 00 00 00 0d 90 00 
<<<<
>>>>
13 76 00 00 00 
dc 53 a8 5b 26 8e 45 a0 e0 a7 9b bb dd ec b4 6e 5a 93 68 c0 4e 48 ae a4 45 e4 5e c2 94 e2 a5 99 90 00 
<<<<
>>>>
13 77 00 00 08 00 00 00 00 00 00 00 0d 
0e 85 1e b6 e5 6a 8c 98 6b 3a 17 f6 8a 9a ab c2 94 39 37 0f 89 ce 77 09 4e f8 50 19 46 33 cc 98 90 00 
<<<<
>>>>
13 75 00 00 00 
00 00 00 00 00 00 00 0e 90 00 
<<<<
>>>>
13 77 00 00 08 00 00 00 00 00 00 00 0e 
dc 53 a8 5b 26 8e 45 a0 e0 a7 9b bb dd ec b4 6e 5a 93 68 c0 4e 48 ae a4 45 e4 5e c2 94 e2 a5 99 90 00 
<<<<
>>>>
13 76 00 00 00 
c5 f5 41 a8 52 99 af 97 8a 7f 96 5b c3 48 e2 17 13 05 36 a2 c5 b8 70 a7 d7 2a 6d 93 c8 d1 d8 2c 90 00 
<<<<
>>>>
13 75 00 00 00 
00 00 00 00 00 00 00 0f 90 00 
<<<<
>>>>
13 76 00 00 00 
76 0e 8e 6d f3 fe 22 be c8 9c de 85 4d 5f ab 20 84 d3 62 78 a5 c5 d4 34 27 9a 4b 26 3f b2 1d fd 90 00 
<<<<
>>>>
13 77 00 00 08 00 00 00 00 00 00 00 0f 
c5 f5 41 a8 52 99 af 97 8a 7f 96 5b c3 48 e2 17 13 05 36 a2 c5 b8 70 a7 d7 2a 6d 93 c8 d1 d8 2c 90 00 
<<<<
>>>>
13 75 00 00 00 
00 00 00 00 00 00 00 10 90 00 
<<<<
>>>>
13 77 00 00 08 00 00 00 00 00 00 00 10 
76 0e 8e 6d f3 fe 22 be c8 9c de 85 4d 5f ab 20 84 d3 62 78 a5 c5 d4 34 27 9a 4b 26 3f b2 1d fd 90 00 
<<<<
>>>>
13 76 00 00 00 
43 ae 56 c4 92 e8 41 c3 9e 17 96 e1 fe a2 65 7b 17 dd 1e 0d 6a b2 7a 64 14 fd b4 94 f7 8c 89 b6 90 00 
<<<<
>>>>
13 75 00 00 00 
00 00 00 00 00 00 00 11 90 00 
<<<<
>>>>
13 76 00 00 00 
7f a5 92 b5 af ac 95 5c 38 7b a3 0b 6d 23 1e f0 da b5 da b3 49 b9 92 1a be cd 41 d8 02 fe 03 8a 90 00 
<<<<
>>>>
13 77 00 00 08 00 00 00 00 00 00 00 11 
43 ae 56 c4 92 e8 41 c3 9e 17 96 e1 fe a2 65 7b 17 dd 1e 0d 6a b2 7a 64 14 fd b4 94 f7 8c 89 b6 90 00 
<<<<
>>>>
13 75 00 00 00 
00 00 00 00 00 00 00 12 90 00 
<<<<
>>>>
13 77 00 00 08 00 00 00 00 00 00 00 12 
7f a5 92 b5 af ac 95 5c 38 7b a3 0b 6d 23 1e f0 da b5 da b3 49 b9 92 1a be cd 41 d8 02 fe 03 8a 90 00 
<<<<
>>>>
13 76 00 00 00 
61 49 29 99 fa bb 19 fb 33 e5 57 84 11 7a 56 5b e6 9f af be 96 b9 f2 42 2a 63 70 11 6c d4 7c 99 90 00 
<<<<
>>>>
13 75 00 00 00 
00 00 00 00 00 00 00 13 90 00 
<<<<
>>>>
13 76 00 00 00 
2e fc a1 5c d9 c4 c3 c1 7d 4a d7 09 4a 8c 9d 14 29 f7 81 22 9d 66 87 00 47 b0 01 7b b3 a8 83 86 90 00 
<<<<
>>>>
13 77 00 00 08 00 00 00 00 00 00 00 13 
61 49 29 99 fa bb 19 fb 33 e5 57 84 11 7a 56 5b e6 9f af be 96 b9 f2 42 2a 63 70 11 6c d4 7c 99 90 00 
<<<<
>>>>
13 75 00 00 00 
00 00 00 00 00 00 00 14 90 00 
<<<<
>>>>
13 77 00 00 08 00 00 00 00 00 00 00 14 
2e fc a1 5c d9 c4 c3 c1 7d 4a d7 09 4a 8c 9d 14 29 f7 81 22 9d 66 87 00 47 b0 01 7b b3 a8 83 86 90 00 
<<<<
>>>>
13 76 00 00 00 
6a 2c 69 d6 9a a8 ff 63 1a 25 91 ef ca ef 90 43 20 7e 76 0b f0 75 93 1e 2e 3c 86 33 57 42 57 cc 90 00 
<<<<
>>>>
13 75 00 00 00 
00 00 00 00 00 00 00 15 90 00 
<<<<
>>>>
13 76 00 00 00 
d7 8e f4 d6 4b c6 9c aa fa 0e 2f e2 99 fb 1d f2 f2 16 08 cf 46 7f bb f6 f5 fa 54 7f 93 86 c2 d5 90 00 
<<<<
>>>>
13 77 00 00 08 00 00 00 00 00 00 00 15 
6a 2c 69 d6 9a a8 ff 63 1a 25 91 ef ca ef 90 43 20 7e 76 0b f0 75 93 1e 2e 3c 86 33 57 42 57 cc 90 00 
<<<<
>>>>
13 75 00 00 00 
00 00 00 00 00 00 00 16 90 00 
<<<<
>>>>
13 77 00 00 08 00 00 00 00 00 00 00 16 
d7 8e f4 d6 4b c6 9c aa fa 0e 2f e2 99 fb 1d f2 f2 16 08 cf 46 7f bb f6 f5 fa 54 7f 93 86 c2 d5 90 00 
<<<<
>>>>
13 76 00 00 00 
0f dc 8a 2e b6 c8 cd 53 7b 66 d0 8f e3 18 0b 25 90 b1 5b ec ce 21 09 c2 f4 af 33 8a eb 5b ef a7 90 00 
<<<<
>>>>
13 75 00 00 00 
00 00 00 00 00 00 00 17 90 00 
<<<<
>>>>
13 76 00 00 00 
80 73 13 d5 a5 c1 70 fd 1a f9 93 f3 73 d4 00 26 a7 57 f0 b3 83 c5 db ba 76 fb aa c0 92 82 6d 85 90 00 
<<<<
>>>>
13 77 00 00 08 00 00 00 00 00 00 00 17 
0f dc 8a 2e b6 c8 cd 53 7b 66 d0 8f e3 18 0b 25 90 b1 5b ec ce 21 09 c2 f4 af 33 8a eb 5b ef a7 90 00 
<<<<
>>>>
13 75 00 00 00 
00 00 00 00 00 00 00 18 90 00 
<<<<
>>>>
13 77 00 00 08 00 00 00 00 00 00 00 18 
80 73 13 d5 a5 c1 70 fd 1a f9 93 f3 73 d4 00 26 a7 57 f0 b3 83 c5 db ba 76 fb aa c0 92 82 6d 85 90 00 
<<<<
>>>>
13 76 00 00 00 
99 22 c4 6e 02 2d 02 ca 9e 8b 0a 63 62 cf 05 be 32 b0 51 52 27 33 90 af 45 fe 11 f9 78 00 19 20 90 00 
<<<<
>>>>
13 75 00 00 00 
00 00 00 00 00 00 00 19 90 00 
<<<<
>>>>
13 76 00 00 00 
52 1f 42 f6 39 cf e5 33 27 c4 23 b3 ac af 04 c5 83 8d 8e 3c 97 fe a3 06 1f 37 ff 12 bb 63 62 7f 90 00 
<<<<
>>>>
13 77 00 00 08 00 00 00 00 00 00 00 19 
99 22 c4 6e 02 2d 02 ca 9e 8b 0a 63 62 cf 05 be 32 b0 51 52 27 33 90 af 45 fe 11 f9 78 00 19 20 90 00 
<<<<
>>>>
13 75 00 00 00 
00 00 00 00 00 00 00 1a 90 00 
<<<<
>>>>
13 77 00 00 08 00 00 00 00 00 00 00 1a 
52 1f 42 f6 39 cf e5 33 27 c4 23 b3 ac af 04 c5 83 8d 8e 3c 97 fe a3 06 1f 37 ff 12 bb 63 62 7f 90 00 
<<<<
>>>>
13 76 00 00 00 
1b e5 b4 af b9 20 73 6f 81 b0 06 83 04 2b 29 69 6b 5a f6 95 32 d8 67 16 6f bb 3e 4c f9 0d 98 ec 90 00 
<<<<
>>>>
13 75 00 00 00 
00 00 00 00 00 00 00 1b 90 00 
<<<<
>>>>
13 76 00 00 00 
dd 75 03 e3 0a 8d 87 8f 42 26 e7 88 c5 e9 58 78 21 76 6a a9 74 29 cc 61 08 a9 30 bb b3 7b 4f 3f 90 00 
<<<<
>>>>
13 77 00 00 08 00 00 00 00 00 00 00 1b 
1b e5 b4 af b9 20 73 6f 81 b0 06 83 04 2b 29 69 6b 5a f6 95 32 d8 67 16 6f bb 3e 4c f9 0d 98 ec 90 00 
<<<<
>>>>
13 75 00 00 00 
00 00 00 00 00 00 00 1c 90 00 
<<<<
>>>>
13 77 00 00 08 00 00 00 00 00 00 00 1c 
dd 75 03 e3 0a 8d 87 8f 42 26 e7 88 c5 e9 58 78 21 76 6a a9 74 29 cc 61 08 a9 30 bb b3 7b 4f 3f 90 00 
<<<<
>>>>
13 76 00 00 00 
26 2c 50 52 55 f1 3f 0f ff 6d 6c 90 82 47 0a ed da c6 8d d6 8d d5 b2 7e 6a 64 1f b1 a6 23 06 46 90 00 
<<<<
>>>>
13 75 00 00 00 
00 00 00 00 00 00 00 1d 90 00 
<<<<
>>>>
13 76 00 00 00 
db 5b e8 45 71 5c ba f2 41 46 a8 a0 65 95 97 41 fa b9 1e ca 39 0e 44 41 cf f7 08 38 39 a1 43 e0 90 00 
<<<<
>>>>
13 77 00 00 08 00 00 00 00 00 00 00 1d 
26 2c 50 52 55 f1 3f 0f ff 6d 6c 90 82 47 0a ed da c6 8d d6 8d d5 b2 7e 6a 64 1f b1 a6 23 06 46 90 00 
<<<<
>>>>
13 75 00 00 00 
00 00 00 00 00 00 00 1e 90 00 
<<<<
>>>>
13 77 00 00 08 00 00 00 00 00 00 00 1e 
db 5b e8 45 71 5c ba f2 41 46 a8 a0 65 95 97 41 fa b9 1e ca 39 0e 44 41 cf f7 08 38 39 a1 43 e0 90 00 
<<<<
>>>>
13 76 00 00 00 
fd d0 9f 73 0d 46 2e 32 39 d3 29 ec 32 84 81 00 fd 7e 6c b8 51 dc cb f4 2f b8 54 ea ac f9 5c c8 90 00 
<<<<
>>>>
13 75 00 00 00 
00 00 00 00 00 00 00 1f 90 00 
<<<<
>>>>
13 76 00 00 00 
ed a5 61 28 72 85 55 fb 58 ea 50 f8 c3 53 c4 33 be 23 6c 75 10 32 c4 79 db 9f a0 01 3a dd 48 27 90 00 
<<<<
>>>>
13 77 00 00 08 00 00 00 00 00 00 00 1f 
fd d0 9f 73 0d 46 2e 32 39 d3 29 ec 32 84 81 00 fd 7e 6c b8 51 dc cb f4 2f b8 54 ea ac f9 5c c8 90 00 
<<<<
>>>>
13 75 00 00 00 
00 00 00 00 00 00 00 20 90 00 
<<<<
>>>>
13 77 00 00 08 00 00 00 00 00 00 00 20 
ed a5 61 28 72 85 55 fb 58 ea 50 f8 c3 53 c4 33 be 23 6c 75 10 32 c4 79 db 9f a0 01 3a dd 48 27 90 00 
<<<<
>>>>
13 76 00 00 00 
78 06 f6 5c 02 1d 40 eb 51 38 1d e5 93 ba 95 e4 cc da 7d d5 17 d5 d4 ed bb 3b e1 38 37 fa a7 39 90 00 
<<<<
>>>>
13 75 00 00 00 
00 00 00 00 00 00 00 21 90 00 
<<<<
>>>>
13 76 00 00 00 
c5 1d a6 0f af 3f 31 34 c7 c5 a4 21 dc 1e f9 f0 78 d6 00 73 ad 86 f8 ee 71 e4 38 cb 1d e4 92 2b 90 00 
<<<<
>>>>
13 77 00 00 08 00 00 00 00 00 00 00 21 
78 06 f6 5c 02 1d 40 eb 51 38 1d e5 93 ba 95 e4 cc da 7d d5 17 d5 d4 ed bb 3b e1 38 37 fa a7 39 90 00 
<<<<
>>>>
13 75 00 00 00 
00 00 00 00 00 00 00 22 90 00 
<<<<
>>>>
13 77 00 00 08 00 00 00 00 00 00 00 22 
c5 1d a6 0f af 3f 31 34 c7 c5 a4 21 dc 1e f9 f0 78 d6 00 73 ad 86 f8 ee 71 e4 38 cb 1d e4 92 2b 90 00 
<<<<
>>>>
13 76 00 00 00 
ba 3e b0 e8 3b c0 89 4a 38 e9 0e 0e c1 a5 98 f6 b6 d1 d7 41 5c e8 a5 a5 f6 bd 13 e7 df 36 ca a8 90 00 
<<<<
>>>>
13 75 00 00 00 
00 00 00 00 00 00 00 23 90 00 
<<<<
>>>>
13 76 00 00 00 
17 0f 56 f6 6d 54 cd 66 ba 27 94 81 ab 32 b9 01 94 fb e3 f0 d5 50 58 92 98 f9 e5 84 5d 42 a9 2c 90 00 
<<<<
>>>>
13 77 00 00 08 00 00 00 00 00 00 00 23 
ba 3e b0 e8 3b c0 89 4a 38 e9 0e 0e c1 a5 98 f6 b6 d1 d7 41 5c e8 a5 a5 f6 bd 13 e7 df 36 ca a8 90 00 
<<<<
>>>>
13 75 00 00 00 
00 00 00 00 00 00 00 24 90 00 
<<<<
>>>>
13 77 00 00 08 00 00 00 00 00 00 00 24 
17 0f 56 f6 6d 54 cd 66 ba 27 94 81 ab 32 b9 01 94 fb e3 f0 d5 50 58 92 98 f9 e5 84 5d 42 a9 2c 90 00 
<<<<
>>>>
13 76 00 00 00 
13 de e9 87 25 81 f0 15 c9 fa 75 d8 5a a8 f5 44 c5 98 88 f4 60 14 b5 11 24 2c 24 4c 0c 93 d5 81 90 00 
<<<<
>>>>
13 75 00 00 00 
00 00 00 00 00 00 00 25 90 00 
<<<<
>>>>
13 76 00 00 00 
5a 3b a3 b8 d3 48 3d 5c 79 bd 6e f4 38 c8 b5 c7 0d c0 c7 65 af 1d a8 5a 03 8a 41 a3 0b f1 3a ff 90 00 
<<<<
>>>>
13 77 00 00 08 00 00 00 00 00 00 00 25 
13 de e9 87 25 81 f0 15 c9 fa 75 d8 5a a8 f5 44 c5 98 88 f4 60 14 b5 11 24 2c 24 4c 0c 93 d5 81 90 00 
<<<<
>>>>
13 75 00 00 00 
00 00 00 00 00 00 00 26 90 00 
<<<<
>>>>
13 77 00 00 08 00 00 00 00 00 00 00 26 
5a 3b a3 b8 d3 48 3d 5c 79 bd 6e f4 38 c8 b5 c7 0d c0 c7 65 af 1d a8 5a 03 8a 41 a3 0b f1 3a ff 90 00 
<<<<
>>>>
13 76 00 00 00 
23 4b ea f2 c6 9c 53 bc 66 35 02 5f e6 e6 94 4d 12 72 c1 62 20 f5 e5 fd 94 6b 64 fc 57 03 f5 88 90 00 
<<<<
>>>>
13 75 00 00 00 
00 00 00 00 00 00 00 27 90 00 
<<<<
>>>>
13 76 00 00 00 
92 e8 eb a4 5a da a5 7d 1b 83 14 e7 b0 8b 2a 3a b4 3e 9d 6a 5f eb 40 df 80 64 b9 34 68 44 2d 7c 90 00 
<<<<
>>>>
13 77 00 00 08 00 00 00 00 00 00 00 27 
23 4b ea f2 c6 9c 53 bc 66 35 02 5f e6 e6 94 4d 12 72 c1 62 20 f5 e5 fd 94 6b 64 fc 57 03 f5 88 90 00 
<<<<
>>>>
13 75 00 00 00 
00 00 00 00 00 00 00 28 90 00 
<<<<
>>>>
13 77 00 00 08 00 00 00 00 00 00 00 28 
92 e8 eb a4 5a da a5 7d 1b 83 14 e7 b0 8b 2a 3a b4 3e 9d 6a 5f eb 40 df 80 64 b9 34 68 44 2d 7c 90 00 
<<<<
>>>>
13 76 00 00 00 
14 fe 0a 3b 50 68 61 57 62 a8 39 bc 08 ad aa ff 14 cc ea f2 89 97 4b c1 08 47 71 d0 5b 27 71 51 90 00 
<<<<
>>>>
13 75 00 00 00 
00 00 00 00 00 00 00 29 90 00 
<<<<
>>>>
13 76 00 00 00 
76 fb 92 4e 58 7b de c0 13 67 65 fb 73 ac 31 40 94 0d ee 08 94 5c 2b 65 27 26 3d cf f9 ee f3 a4 90 00 
<<<<
>>>>
13 77 00 00 08 00 00 00 00 00 00 00 29 
14 fe 0a 3b 50 68 61 57 62 a8 39 bc 08 ad aa ff 14 cc ea f2 89 97 4b c1 08 47 71 d0 5b 27 71 51 90 00 
<<<<
>>>>
13 75 00 00 00 
00 00 00 00 00 00 00 2a 90 00 
<<<<
>>>>
13 77 00 00 08 00 00 00 00 00 00 00 2a 
76 fb 92 4e 58 7b de c0 13 67 65 fb 73 ac 31 40 94 0d ee 08 94 5c 2b 65 27 26 3d cf f9 ee f3 a4 90 00 
<<<<
>>>>
13 76 00 00 00 
74 c1 88 ba 2d 84 32 3a 9e c1 59 a9 86 10 2a 7d 56 8e 2a 01 3f 84 c5 4e 14 15 52 c9 b9 c7 a0 7e 90 00 
<<<<
>>>>
13 75 00 00 00 
00 00 00 00 00 00 00 2b 90 00 
<<<<
>>>>
13 76 00 00 00 
5d af 89 8b 00 7c d6 3b e8 09 f5 a0 31 ed 08 2f 71 6e a5 eb f4 6a 54 09 8e 97 85 27 ba 58 c3 5d 90 00 
<<<<
>>>>
13 77 00 00 08 00 00 00 00 00 00 00 2b 
74 c1 88 ba 2d 84 32 3a 9e c1 59 a9 86 10 2a 7d 56 8e 2a 01 3f 84 c5 4e 14 15 52 c9 b9 c7 a0 7e 90 00 
<<<<
>>>>
13 75 00 00 00 
00 00 00 00 00 00 00 2c 90 00 
<<<<
>>>>
13 77 00 00 08 00 00 00 00 00 00 00 2c 
5d af 89 8b 00 7c d6 3b e8 09 f5 a0 31 ed 08 2f 71 6e a5 eb f4 6a 54 09 8e 97 85 27 ba 58 c3 5d 90 00 
<<<<
>>>>
13 76 00 00 00 
64 ba 07 f3 04 5d 5e 0e 0a 62 da 46 8b 94 bd 3c de b4 84 35 82 9b d8 66 c5 46 56 5b 8b c1 19 30 90 00 
<<<<
>>>>
13 75 00 00 00 
00 00 00 00 00 00 00 2d 90 00 
<<<<
>>>>
13 76 00 00 00 
53 58 b1 8b cb db 41 88 27 74 07 e8 9a e9 ab 5b 18 76 17 c9 4c e5 2f 8b c7 59 61 da c1 c6 52 fe 90 00 
<<<<
>>>>
13 77 00 00 08 00 00 00 00 00 00 00 2d 
64 ba 07 f3 04 5d 5e 0e 0a 62 da 46 8b 94 bd 3c de b4 84 35 82 9b d8 66 c5 46 56 5b 8b c1 19 30 90 00 
<<<<
>>>>
13 75 00 00 00 
00 00 00 00 00 00 00 2e 90 00 
<<<<
>>>>
13 77 00 00 08 00 00 00 00 00 00 00 2e 
53 58 b1 8b cb db 41 88 27 74 07 e8 9a e9 ab 5b 18 76 17 c9 4c e5 2f 8b c7 59 61 da c1 c6 52 fe 90 00 
<<<<
>>>>
13 76 00 00 00 
ad f8 92 d3 36 25 76 ca 4b 65 e0 e4 c4 79 4b a9 30 86 e3 be 1d c5 b0 08 c3 24 1c 2e b6 71 81 31 90 00 
<<<<
>>>>
13 75 00 00 00 
00 00 00 00 00 00 00 2f 90 00 
<<<<
>>>>
13 76 00 00 00 
52 83 db 3d 71 1a c8 30 46 c6 c7 bf 77 6a e7 0d a8 7d c1 5d 83 28 69 fb 6c 4c b1 b2 3d 5f d6 9f 90 00 
<<<<
>>>>
13 77 00 00 08 00 00 00 00 00 00 00 2f 
ad f8 92 d3 36 25 76 ca 4b 65 e0 e4 c4 79 4b a9 30 86 e3 be 1d c5 b0 08 c3 24 1c 2e b6 71 81 31 90 00 
<<<<
>>>>
13 75 00 00 00 
00 00 00 00 00 00 00 30 90 00 
<<<<
>>>>
13 77 00 00 08 00 00 00 00 00 00 00 30 
52 83 db 3d 71 1a c8 30 46 c6 c7 bf 77 6a e7 0d a8 7d c1 5d 83 28 69 fb 6c 4c b1 b2 3d 5f d6 9f 90 00 
<<<<
>>>>
13 76 00 00 00 
c7 98 c2 a9 ef b0 4b a8 b4 ca f6 b0 86 2b b8 b4 0d 2f 32 bb 2b a8 5c e7 50 b3 e1 9c c4 60 1b 73 90 00 
<<<<
>>>>
13 75 00 00 00 
00 00 00 00 00 00 00 31 90 00 
<<<<
>>>>
13 76 00 00 00 
2a c9 ff 5c 9f ee 99 0f 5c 1c fd 08 08 53 7d cd b9 82 38 06 b1 f9 cf ef 99 7b 8c d2 1f 34 9d 26 90 00 
<<<<
>>>>
13 77 00 00 08 00 00 00 00 00 00 00 31 
c7 98 c2 a9 ef b0 4b a8 b4 ca f6 b0 86 2b b8 b4 0d 2f 32 bb 2b a8 5c e7 50 b3 e1 9c c4 60 1b 73 90 00 
<<<<
>>>>
13 75 00 00 00 
00 00 00 00 00 00 00 32 90 00 
<<<<
>>>>
13 77 00 00 08 00 00 00 00 00 00 00 32 
2a c9 ff 5c 9f ee 99 0f 5c 1c fd 08 08 53 7d cd b9 82 38 06 b1 f9 cf ef 99 7b 8c d2 1f 34 9d 26 90 00 
<<<<
>>>>
13 76 00 00 00 
89 c3 85 0a dc b9 6e 01 b5 ab d6 15 67 40 9f dd 33 e2 04 31 9f 7c 41 9a d0 89 70 26 a5 85 bb 66 90 00 
<<<<
>>>>
13 75 00 00 00 
00 00 00 00 00 00 00 33 90 00 
<<<<
>>>>
13 76 00 00 00 
d8 52 58 90 c7 0f 37 d8 06 ed 9b 7b 39 3c a3 11 fb 00 62 db b3 9d ed 7d 40 bc 96 cf 4d f0 54 26 90 00 
<<<<
>>>>
13 77 00 00 08 00 00 00 00 00 00 00 33 
89 c3 85 0a dc b9 6e 01 b5 ab d6 15 67 40 9f dd 33 e2 04 31 9f 7c 41 9a d0 89 70 26 a5 85 bb 66 90 00 
<<<<
>>>>
13 75 00 00 00 
00 00 00 00 00 00 00 34 90 00 
<<<<
>>>>
13 77 00 00 08 00 00 00 00 00 00 00 34 
d8 52 58 90 c7 0f 37 d8 06 ed 9b 7b 39 3c a3 11 fb 00 62 db b3 9d ed 7d 40 bc 96 cf 4d f0 54 26 90 00 
<<<<
>>>>
13 76 00 00 00 
d0 cb eb 0d ae 9f 50 a5 a6 84 2e ad 92 58 1d bd 49 74 78 fe 37 63 28 6f f5 a2 73 07 65 58 c3 9c 90 00 
<<<<
>>>>
13 75 00 00 00 
00 00 00 00 00 00 00 35 90 00 
<<<<
>>>>
13 76 00 00 00 
f4 af b9 8f c3 86 e5 b1 f2 ee b4 1d ad 65 2e 90 99 32 b7 59 23 97 8d 1d 2d 52 64 9d 87 1d 13 a2 90 00 
<<<<
>>>>
13 77 00 00 08 00 00 00 00 00 00 00 35 
d0 cb eb 0d ae 9f 50 a5 a6 84 2e ad 92 58 1d bd 49 74 78 fe 37 63 28 6f f5 a2 73 07 65 58 c3 9c 90 00 
<<<<
>>>>
13 75 00 00 00 
00 00 00 00 00 00 00 36 90 00 
<<<<
>>>>
13 77 00 00 08 00 00 00 00 00 00 00 36 
f4 af b9 8f c3 86 e5 b1 f2 ee b4 1d ad 65 2e 90 99 32 b7 59 23 97 8d 1d 2d 52 64 9d 87 1d 13 a2 90 00 
<<<<
>>>>
13 76 00 00 00 
ae 2c 84 40 15 7c 28 51 95 30 cf d3 59 be d7 07 c1 85 37 09 51 88 00 c3 ce 52 69 aa 7b 62 9a b5 90 00 
<<<<
>>>>
13 75 00 00 00 
00 00 00 00 00 00 00 37 90 00 
<<<<
>>>>
13 76 00 00 00 
bc 15 b9 87 73 be bc fb 19 cf b6 33 74 97 cc c6 47 53 41 3b 35 06 8a be 2d 5b 8f 3e 57 ac f7 86 90 00 
<<<<
>>>>
13 77 00 00 08 00 00 00 00 00 00 00 37 
ae 2c 84 40 15 7c 28 51 95 30 cf d3 59 be d7 07 c1 85 37 09 51 88 00 c3 ce 52 69 aa 7b 62 9a b5 90 00 
<<<<
>>>>
13 75 00 00 00 
00 00 00 00 00 00 00 38 90 00 
<<<<
>>>>
13 77 00 00 08 00 00 00 00 00 00 00 38 
bc 15 b9 87 73 be bc fb 19 cf b6 33 74 97 cc c6 47 53 41 3b 35 06 8a be 2d 5b 8f 3e 57 ac f7 86 90 00 
<<<<
>>>>
13 76 00 00 00 
45 33 1a 6e da f9 38 5f 4c 6d d4 a0 75 dc b8 39 aa 4c 0e 3e 4a 7b 5e 55 0e 20 96 29 50 f8 49 4a 90 00 
<<<<
>>>>
13 75 00 00 00 
00 00 00 00 00 00 00 39 90 00 
<<<<
>>>>
13 76 00 00 00 
43 ce 8a 2a 70 34 2e 73 28 00 fb 49 6a b4 51 13 59 7c 7e af 10 41 fe 8f e9 3a e6 f5 e8 07 0a 1b 90 00 
<<<<
>>>>
13 77 00 00 08 00 00 00 00 00 00 00 39 
45 33 1a 6e da f9 38 5f 4c 6d d4 a0 75 dc b8 39 aa 4c 0e 3e 4a 7b 5e 55 0e 20 96 29 50 f8 49 4a 90 00 
<<<<
>>>>
13 75 00 00 00 
00 00 00 00 00 00 00 3a 90 00 
<<<<
>>>>
13 77 00 00 08 00 00 00 00 00 00 00 3a 
43 ce 8a 2a 70 34 2e 73 28 00 fb 49 6a b4 51 13 59 7c 7e af 10 41 fe 8f e9 3a e6 f5 e8 07 0a 1b 90 00 
<<<<
>>>>
13 76 00 00 00 
4b 4a 5a b7 44 ba 48 21 67 70 77 0f 13 b9 3c 57 31 ec d8 32 b7 6b e3 d6 4a ee a5 4c 6f 9f 73 6b 90 00 
<<<<
>>>>
13 75 00 00 00 
00 00 00 00 00 00 00 3b 90 00 
<<<<
>>>>
13 76 00 00 00 
de a9 3a 5c cc 2a 9b a1 c4 91 79 f0 10 8d a6 f3 7f 26 17 cd c7 82 fb 6b a1 27 36 99 f4 db 7b 30 90 00 
<<<<
>>>>
13 77 00 00 08 00 00 00 00 00 00 00 3b 
4b 4a 5a b7 44 ba 48 21 67 70 77 0f 13 b9 3c 57 31 ec d8 32 b7 6b e3 d6 4a ee a5 4c 6f 9f 73 6b 90 00 
<<<<
>>>>
13 75 00 00 00 
00 00 00 00 00 00 00 3c 90 00 
<<<<
>>>>
13 77 00 00 08 00 00 00 00 00 00 00 3c 
de a9 3a 5c cc 2a 9b a1 c4 91 79 f0 10 8d a6 f3 7f 26 17 cd c7 82 fb 6b a1 27 36 99 f4 db 7b 30 90 00 
<<<<
>>>>
13 76 00 00 00 
ed ec 0f 9d e0 12 14 fc 8f 84 86 ef 83 26 95 90 db c3 0b ca 7e e3 81 4c 03 99 06 53 34 33 f4 b9 90 00 
<<<<
>>>>
13 75 00 00 00 
00 00 00 00 00 00 00 3d 90 00 
<<<<
>>>>
13 76 00 00 00 
60 04 6e a4 75 73 aa df c8 c2 f2 b0 55 10 37 e8 d1 3b f7 15 a6 46 23 be 7a cf 13 90 f0 f4 4e 15 90 00 
<<<<
>>>>
13 77 00 00 08 00 00 00 00 00 00 00 3d 
ed ec 0f 9d e0 12 14 fc 8f 84 86 ef 83 26 95 90 db c3 0b ca 7e e3 81 4c 03 99 06 53 34 33 f4 b9 90 00 
<<<<
>>>>
13 75 00 00 00 
00 00 00 00 00 00 00 3e 90 00 
<<<<
>>>>
13 77 00 00 08 00 00 00 00 00 00 00 3e 
60 04 6e a4 75 73 aa df c8 c2 f2 b0 55 10 37 e8 d1 3b f7 15 a6 46 23 be 7a cf 13 90 f0 f4 4e 15 90 00 
<<<<
>>>>
13 76 00 00 00 
9b fd bf d6 0e 29 fb 99 8f 6d 20 e8 61 99 03 c3 25 0f d8 43 78 61 4a ed 6f 47 77 5b 57 f7 1d 40 90 00 
<<<<
>>>>
13 75 00 00 00 
00 00 00 00 00 00 00 3f 90 00 
<<<<
>>>>
13 76 00 00 00 
ab bf 3e af 9e b4 5b be 1c 74 c2 7c b7 39 10 d6 b4 fe 54 b3 a0 fd c7 2d 90 e1 48 ec fb d0 19 0d 90 00 
<<<<
>>>>
13 77 00 00 08 00 00 00 00 00 00 00 3f 
9b fd bf d6 0e 29 fb 99 8f 6d 20 e8 61 99 03 c3 25 0f d8 43 78 61 4a ed 6f 47 77 5b 57 f7 1d 40 90 00 
<<<<
>>>>
13 75 00 00 00 
00 00 00 00 00 00 00 40 90 00 
<<<<
>>>>
13 77 00 00 08 00 00 00 00 00 00 00 40 
ab bf 3e af 9e b4 5b be 1c 74 c2 7c b7 39 10 d6 b4 fe 54 b3 a0 fd c7 2d 90 e1 48 ec fb d0 19 0d 90 00 
<<<<
>>>>
13 76 00 00 00 
7a 16 27 51 7e 65 5d 3c b5 1d 41 64 f7 fc 43 41 a5 71 c0 a4 f2 6b 14 c0 24 be f7 7f b9 50 0e 4e 90 00 
<<<<
>>>>
13 75 00 00 00 
00 00 00 00 00 00 00 41 90 00 
<<<<
>>>>
13 76 00 00 00 
f7 67 88 96 7f ab 48 57 85 f8 76 91 98 cf 0a 63 71 ea 12 08 4f c2 98 e0 44 31 8e 5d 52 4c 33 30 90 00 
<<<<
>>>>
13 77 00 00 08 00 00 00 00 00 00 00 41 
7a 16 27 51 7e 65 5d 3c b5 1d 41 64 f7 fc 43 41 a5 71 c0 a4 f2 6b 14 c0 24 be f7 7f b9 50 0e 4e 90 00 
<<<<
>>>>
13 75 00 00 00 
00 00 00 00 00 00 00 42 90 00 
<<<<
>>>>
13 77 00 00 08 00 00 00 00 00 00 00 42 
f7 67 88 96 7f ab 48 57 85 f8 76 91 98 cf 0a 63 71 ea 12 08 4f c2 98 e0 44 31 8e 5d 52 4c 33 30 90 00 
<<<<
>>>>
13 76 00 00 00 
fd c8 2c 4e cc ca 43 1b 32 11 0a 0b cb 6b fb f9 e9 34 ba 3f 4c 44 a8 cb ad e5 bd 28 b8 75 83 31 90 00 
<<<<
>>>>
13 75 00 00 00 
00 00 00 00 00 00 00 43 90 00 
<<<<
>>>>
13 76 00 00 00 
21 c8 03 24 88 2c b3 03 2c be eb 6f 1a 49 62 a9 9a bb f5 78 8b 27 ca f4 61 3e de 85 43 7e aa 1a 90 00 
<<<<
>>>>
13 77 00 00 08 00 00 00 00 00 00 00 43 
fd c8 2c 4e cc ca 43 1b 32 11 0a 0b cb 6b fb f9 e9 34 ba 3f 4c 44 a8 cb ad e5 bd 28 b8 75 83 31 90 00 
<<<<
>>>>
13 75 00 00 00 
00 00 00 00 00 00 00 44 90 00 
<<<<
>>>>
13 77 00 00 08 00 00 00 00 00 00 00 44 
21 c8 03 24 88 2c b3 03 2c be eb 6f 1a 49 62 a9 9a bb f5 78 8b 27 ca f4 61 3e de 85 43 7e aa 1a 90 00 
<<<<
>>>>
13 76 00 00 00 
84 40 ec 8d d8 c9 bf 79 1d 1e 7f 38 cd 67 80 99 cf f6 c7 9f 16 73 4f 77 6b 8f aa 89 76 e9 f8 61 90 00 
<<<<
>>>>
13 75 00 00 00 
00 00 00 00 00 00 00 45 90 00 
<<<<
>>>>
13 76 00 00 00 
02 1c 05 4d 91 84 68 c3 0f 62 92 85 47 2a 1b a5 e9 be e2 be 32 d1 70 c6 06 05 7c e3 aa 9e d4 09 90 00 
<<<<
>>>>
13 77 00 00 08 00 00 00 00 00 00 00 45 
84 40 ec 8d d8 c9 bf 79 1d 1e 7f 38 cd 67 80 99 cf f6 c7 9f 16 73 4f 77 6b 8f aa 89 76 e9 f8 61 90 00 
<<<<
>>>>
13 75 00 00 00 
00 00 00 00 00 00 00 46 90 00 
<<<<
>>>>
13 77 00 00 08 00 00 00 00 00 00 00 46 
02 1c 05 4d 91 84 68 c3 0f 62 92 85 47 2a 1b a5 e9 be e2 be 32 d1 70 c6 06 05 7c e3 aa 9e d4 09 90 00 
<<<<
>>>>
13 76 00 00 00 
65 92 72 b8 8e 14 58 df 63 e8 46 df 16 9f d7 e5 15 85 4e d0 b2 33 80 44 64 29 5f ef 52 29 35 d8 90 00 
<<<<
>>>>
13 75 00 00 00 
00 00 00 00 00 00 00 47 90 00 
<<<<
>>>>
13 76 00 00 00 
c2 d4 ce 4f 95 32 10 31 62 b9 9f e2 b3 6e ae f8 ec 10 d1 7d 66 d8 fe 3c cc 1c 9b 16 ab 44 84 6f 90 00 
<<<<
>>>>
13 77 00 00 08 00 00 00 00 00 00 00 47 
65 92 72 b8 8e 14 58 df 63 e8 46 df 16 9f d7 e5 15 85 4e d0 b2 33 80 44 64 29 5f ef 52 29 35 d8 90 00 
<<<<
>>>>
13 75 00 00 00 
00 00 00 00 00 00 00 48 90 00 
<<<<
>>>>
13 77 00 00 08 00 00 00 00 00 00 00 48 
c2 d4 ce 4f 95 32 10 31 62 b9 9f e2 b3 6e ae f8 ec 10 d1 7d 66 d8 fe 3c cc 1c 9b 16 ab 44 84 6f 90 00 
<<<<
>>>>
13 76 00 00 00 
52 2f 58 b6 2d 5a 68 4e 19 23 b3 8d b3 06 d5 80 c6 b4 9f 90 57 c8 b2 43 43 86 c9 70 e3 e8 c5 96 90 00 
<<<<
>>>>
13 75 00 00 00 
00 00 00 00 00 00 00 49 90 00 
<<<<
>>>>
13 76 00 00 00 
bb b0 f6 95 c0 ab 69 77 21 fd b7 ac f6 0e cf ff 71 f9 32 a5 ce f2 d5 8a 42 c0 c2 9b 56 b9 45 60 90 00 
<<<<
>>>>
13 77 00 00 08 00 00 00 00 00 00 00 49 
52 2f 58 b6 2d 5a 68 4e 19 23 b3 8d b3 06 d5 80 c6 b4 9f 90 57 c8 b2 43 43 86 c9 70 e3 e8 c5 96 90 00 
<<<<
>>>>
13 75 00 00 00 
00 00 00 00 00 00 00 4a 90 00 
<<<<
>>>>
13 77 00 00 08 00 00 00 00 00 00 00 4a 
bb b0 f6 95 c0 ab 69 77 21 fd b7 ac f6 0e cf ff 71 f9 32 a5 ce f2 d5 8a 42 c0 c2 9b 56 b9 45 60 90 00 
<<<<
>>>>
13 76 00 00 00 
5b 29 fd 41 86 b6 e3 6b 97 3b 45 1a 02 1b 09 0d 28 d9 91 98 32 c5 cb 81 3c 36 a4 92 92 50 6e 89 90 00 
<<<<
>>>>
13 75 00 00 00 
00 00 00 00 00 00 00 4b 90 00 
<<<<
>>>>
13 76 00 00 00 
ba 35 51 4f 2b 69 3b 47 d3 62 2d fe fa 6f 8a f7 5d c0 1d 5e fd 15 0a 76 6a 8a f2 0c ae 1b 7e 76 90 00 
<<<<
>>>>
13 77 00 00 08 00 00 00 00 00 00 00 4b 
5b 29 fd 41 86 b6 e3 6b 97 3b 45 1a 02 1b 09 0d 28 d9 91 98 32 c5 cb 81 3c 36 a4 92 92 50 6e 89 90 00 
<<<<
>>>>
13 75 00 00 00 
00 00 00 00 00 00 00 4c 90 00 
<<<<
>>>>
13 77 00 00 08 00 00 00 00 00 00 00 4c 
ba 35 51 4f 2b 69 3b 47 d3 62 2d fe fa 6f 8a f7 5d c0 1d 5e fd 15 0a 76 6a 8a f2 0c ae 1b 7e 76 90 00 
<<<<
>>>>
13 76 00 00 00 
1c e4 90 13 d7 11 9c d2 b6 5d bb 24 1c 29 a4 fd dc b7 94 91 39 0b 12 4e 31 6a 2f 1f a1 47 64 7f 90 00 
<<<<
>>>>
13 75 00 00 00 
00 00 00 00 00 00 00 4d 90 00 
<<<<
>>>>
13 76 00 00 00 
f4 46 cd ca 24 30 1a 46 43 e5 48 91 90 4a 31 69 54 73 18 a9 d7 0e 98 42 9f b7 87 e4 fd 75 46 51 90 00 
<<<<
>>>>
13 77 00 00 08 00 00 00 00 00 00 00 4d 
1c e4 90 13 d7 11 9c d2 b6 5d bb 24 1c 29 a4 fd dc b7 94 91 39 0b 12 4e 31 6a 2f 1f a1 47 64 7f 90 00 
<<<<
>>>>
13 75 00 00 00 
00 00 00 00 00 00 00 4e 90 00 
<<<<
>>>>
13 77 00 00 08 00 00 00 00 00 00 00 4e 
f4 46 cd ca 24 30 1a 46 43 e5 48 91 90 4a 31 69 54 73 18 a9 d7 0e 98 42 9f b7 87 e4 fd 75 46 51 90 00 
<<<<
>>>>
13 76 00 00 00 
c8 e9 67 da f6 73 0b 9c cd 74 c9 f7 92 5e 49 48 7b fa e5 28 0b d5 bd 2d 8a c8 6b 90 27 86 0a b1 90 00 
<<<<
>>>>
13 75 00 00 00 
00 00 00 00 00 00 00 4f 90 00 
<<<<
>>>>
13 76 00 00 00 
b0 39 a3 cc a3 b4 7f 12 f9 0c 5c c7 fe 1c c5 f0 d2 7c 58 34 f6 a0 a3 29 35 22 8a 36 9c 3d 1d c4 90 00 
<<<<
>>>>
13 77 00 00 08 00 00 00 00 00 00 00 4f 
c8 e9 67 da f6 73 0b 9c cd 74 c9 f7 92 5e 49 48 7b fa e5 28 0b d5 bd 2d 8a c8 6b 90 27 86 0a b1 90 00 
<<<<
>>>>
13 75 00 00 00 
00 00 00 00 00 00 00 50 90 00 
<<<<
>>>>
13 77 00 00 08 00 00 00 00 00 00 00 50 
b0 39 a3 cc a3 b4 7f 12 f9 0c 5c c7 fe 1c c5 f0 d2 7c 58 34 f6 a0 a3 29 35 22 8a 36 9c 3d 1d c4 90 00 
<<<<
>>>>
13 76 00 00 00 
82 67 6a 60 09 f2 02 91 16 a0 b4 32 e4 5a 8a 02 f7 73 f7 ca 5d 83 66 5a 62 5a 7f eb 7e bc 58 c5 90 00 
<<<<
>>>>
13 75 00 00 00 
00 00 00 00 00 00 00 51 90 00 
<<<<
>>>>
13 76 00 00 00 
9f 7e 47 fa f4 18 2b 1b 0b 13 ff 32 da 3c 5d 95 20 ce fc 43 ff 65 a4 85 b6 73 d5 e1 e6 c8 d8 9a 90 00 
<<<<
>>>>
13 77 00 00 08 00 00 00 00 00 00 00 51 
82 67 6a 60 09 f2 02 91 16 a0 b4 32 e4 5a 8a 02 f7 73 f7 ca 5d 83 66 5a 62 5a 7f eb 7e bc 58 c5 90 00 
<<<<
>>>>
13 75 00 00 00 
00 00 00 00 00 00 00 52 90 00 
<<<<
>>>>
13 77 00 00 08 00 00 00 00 00 00 00 52 
9f 7e 47 fa f4 18 2b 1b 0b 13 ff 32 da 3c 5d 95 20 ce fc 43 ff 65 a4 85 b6 73 d5 e1 e6 c8 d8 9a 90 00 
<<<<
>>>>
13 76 00 00 00 
ca f1 94 a3 d7 14 2a 75 26 6b d0 69 b1 97 f8 04 9a 1b ae 15 79 a5 1b e6 12 ea da 31 5b 96 92 b6 90 00 
<<<<
>>>>
13 75 00 00 00 
00 00 00 00 00 00 00 53 90 00 
<<<<
>>>>
13 76 00 00 00 
e1 61 5c cc 33 c1 c3 c7 1e 71 7d e2 b9 2a fc 22 f7 ad d9 c5 45 79 31 6a 8d 41 62 97 a3 24 1f c6 90 00 
<<<<
>>>>
13 77 00 00 08 00 00 00 00 00 00 00 53 
ca f1 94 a3 d7 14 2a 75 26 6b d0 69 b1 97 f8 04 9a 1b ae 15 79 a5 1b e6 12 ea da 31 5b 96 92 b6 90 00 
<<<<
>>>>
13 75 00 00 00 
00 00 00 00 00 00 00 54 90 00 
<<<<
>>>>
13 77 00 00 08 00 00 00 00 00 00 00 54 
e1 61 5c cc 33 c1 c3 c7 1e 71 7d e2 b9 2a fc 22 f7 ad d9 c5 45 79 31 6a 8d 41 62 97 a3 24 1f c6 90 00 
<<<<
>>>>
13 76 00 00 00 
c4 61 12 9d 04 fc af c9 a2 36 7a d9 85 24 4a 46 b3 e9 66 3f cc be fe d6 bc 98 ee ac e8 44 63 0e 90 00 
<<<<
>>>>
13 75 00 00 00 
00 00 00 00 00 00 00 55 90 00 
<<<<
>>>>
13 76 00 00 00 
0f 52 e2 38 44 5f fb 98 4e 82 9f 2a 19 1f b7 5c fc 8b 40 b0 5f 62 a9 94 58 cd a6 a4 fd c5 e2 e3 90 00 
<<<<
>>>>
13 77 00 00 08 00 00 00 00 00 00 00 55 
c4 61 12 9d 04 fc af c9 a2 36 7a d9 85 24 4a 46 b3 e9 66 3f cc be fe d6 bc 98 ee ac e8 44 63 0e 90 00 
<<<<
>>>>
13 75 00 00 00 
00 00 00 00 00 00 00 56 90 00 
<<<<
>>>>
13 77 00 00 08 00 00 00 00 00 00 00 56 
0f 52 e2 38 44 5f fb 98 4e 82 9f 2a 19 1f b7 5c fc 8b 40 b0 5f 62 a9 94 58 cd a6 a4 fd c5 e2 e3 90 00 
<<<<
>>>>
13 76 00 00 00 
ab 33 eb e7 c2 52 6d df c7 db 17 e1 4a 42 30 2b e5 d7 45 5e b2 ed a3 e0 81 56 f1 ee 73 92 9e b2 90 00 
<<<<
>>>>
13 75 00 00 00 
00 00 00 00 00 00 00 57 90 00 
<<<<
>>>>
13 76 00 00 00 
31 15 a4 0a 00 11 c7 4d 47 1b b0 58 f1 ed 0e 4e 4a 60 29 73 0f 8a 83 72 fa 9b 68 33 2c a6 46 be 90 00 
<<<<
>>>>
13 77 00 00 08 00 00 00 00 00 00 00 57 
ab 33 eb e7 c2 52 6d df c7 db 17 e1 4a 42 30 2b e5 d7 45 5e b2 ed a3 e0 81 56 f1 ee 73 92 9e b2 90 00 
<<<<
>>>>
13 75 00 00 00 
00 00 00 00 00 00 00 58 90 00 
<<<<
>>>>
13 77 00 00 08 00 00 00 00 00 00 00 58 
31 15 a4 0a 00 11 c7 4d 47 1b b0 58 f1 ed 0e 4e 4a 60 29 73 0f 8a 83 72 fa 9b 68 33 2c a6 46 be 90 00 
<<<<
>>>>
13 76 00 00 00 
d8 43 46 ed 22 8b 8d f5 ef 5a e3 26 8c 1a 19 e5 59 4c 06 fa 43 97 d6 d6 c2 06 fb f4 ad 14 51 a7 90 00 
<<<<
>>>>
13 75 00 00 00 
00 00 00 00 00 00 00 59 90 00 
<<<<
>>>>
13 76 00 00 00 
d8 30 7c 1c be 08 77 12 a2 d0 d8 7c 0f a8 6c 01 57 e6 00 33 00 f5 9a 02 b9 0b 9e 86 94 c4 94 ea 90 00 
<<<<
>>>>
13 77 00 00 08 00 00 00 00 00 00 00 59 
d8 43 46 ed 22 8b 8d f5 ef 5a e3 26 8c 1a 19 e5 59 4c 06 fa 43 97 d6 d6 c2 06 fb f4 ad 14 51 a7 90 00 
<<<<
>>>>
13 75 00 00 00 
00 00 00 00 00 00 00 5a 90 00 
<<<<
>>>>
13 77 00 00 08 00 00 00 00 00 00 00 5a 
d8 30 7c 1c be 08 77 12 a2 d0 d8 7c 0f a8 6c 01 57 e6 00 33 00 f5 9a 02 b9 0b 9e 86 94 c4 94 ea 90 00 
<<<<
>>>>
13 76 00 00 00 
cf e8 3d 73 95 0b e9 c1 16 64 d7 14 f9 d6 e6 f0 bd 51 53 52 17 59 6f 7a f3 ae b4 31 d6 ec d1 bd 90 00 
<<<<
>>>>
13 75 00 00 00 
00 00 00 00 00 00 00 5b 90 00 
<<<<
>>>>
13 76 00 00 00 
9b 33 75 fd bb 13 f6 99 e6 cd 10 bd cf 6a 09 b5 d5 fe 28 1b b6 8b a6 30 d5 94 d5 27 97 5a a0 b9 90 00 
<<<<
>>>>
13 77 00 00 08 00 00 00 00 00 00 00 5b 
cf e8 3d 73 95 0b e9 c1 16 64 d7 14 f9 d6 e6 f0 bd 51 53 52 17 59 6f 7a f3 ae b4 31 d6 ec d1 bd 90 00 
<<<<
>>>>
13 75 00 00 00 
00 00 00 00 00 00 00 5c 90 00 
<<<<
>>>>
13 77 00 00 08 00 00 00 00 00 00 00 5c 
9b 33 75 fd bb 13 f6 99 e6 cd 10 bd cf 6a 09 b5 d5 fe 28 1b b6 8b a6 30 d5 94 d5 27 97 5a a0 b9 90 00 
<<<<
>>>>
13 76 00 00 00 
ad 73 22 67 b4 77 5e ab 95 5f 52 5b 06 a3 f6 e7 47 e9 25 18 c0 6b c5 27 4d ca bf 35 e0 c6 05 75 90 00 
<<<<
>>>>
13 75 00 00 00 
00 00 00 00 00 00 00 5d 90 00 
<<<<
>>>>
13 76 00 00 00 
9e 1f 5a 60 32 85 ac d4 4b ac f4 48 e7 ad 54 ab 93 d2 9f d6 e3 25 90 8f 43 d2 a4 0b 0c 35 f8 10 90 00 
<<<<
>>>>
13 77 00 00 08 00 00 00 00 00 00 00 5d 
ad 73 22 67 b4 77 5e ab 95 5f 52 5b 06 a3 f6 e7 47 e9 25 18 c0 6b c5 27 4d ca bf 35 e0 c6 05 75 90 00 
<<<<
>>>>
13 75 00 00 00 
00 00 00 00 00 00 00 5e 90 00 
<<<<
>>>>
13 77 00 00 08 00 00 00 00 00 00 00 5e 
9e 1f 5a 60 32 85 ac d4 4b ac f4 48 e7 ad 54 ab 93 d2 9f d6 e3 25 90 8f 43 d2 a4 0b 0c 35 f8 10 90 00 
<<<<
>>>>
13 76 00 00 00 
59 91 55 eb 06 d3 be f3 00 9e f7 0e e2 e6 11 00 1d 90 37 8f 75 23 79 b6 b7 82 00 79 29 86 52 77 90 00 
<<<<
>>>>
13 75 00 00 00 
00 00 00 00 00 00 00 5f 90 00 
<<<<
>>>>
13 76 00 00 00 
4e dc d1 78 8b 87 c3 f8 37 17 a7 71 70 3c 85 a5 cf eb bc 65 29 0e af 2c 8d 03 32 0a 4c 65 e0 ef 90 00 
<<<<
>>>>
13 77 00 00 08 00 00 00 00 00 00 00 5f 
59 91 55 eb 06 d3 be f3 00 9e f7 0e e2 e6 11 00 1d 90 37 8f 75 23 79 b6 b7 82 00 79 29 86 52 77 90 00 
<<<<
>>>>
13 75 00 00 00 
00 00 00 00 00 00 00 60 90 00 
<<<<
>>>>
13 77 00 00 08 00 00 00 00 00 00 00 60 
4e dc d1 78 8b 87 c3 f8 37 17 a7 71 70 3c 85 a5 cf eb bc 65 29 0e af 2c 8d 03 32 0a 4c 65 e0 ef 90 00 
<<<<
>>>>
13 76 00 00 00 
d2 7f bc 4d 16 20 aa a7 f2 5f 4f 53 6d de cc 09 31 6f 59 f1 c1 50 4e 53 22 97 71 13 9e 82 16 cf 90 00 
<<<<
>>>>
13 75 00 00 00 
00 00 00 00 00 00 00 61 90 00 
<<<<
>>>>
13 76 00 00 00 
36 e9 31 60 f7 ce 8f ff b7 0a ec 4f 6b 8b c1 45 89 05 5e c5 c4 41 a6 d7 9c 02 05 61 70 95 79 d4 90 00 
<<<<
>>>>
13 77 00 00 08 00 00 00 00 00 00 00 61 
d2 7f bc 4d 16 20 aa a7 f2 5f 4f 53 6d de cc 09 31 6f 59 f1 c1 50 4e 53 22 97 71 13 9e 82 16 cf 90 00 
<<<<
>>>>
13 75 00 00 00 
00 00 00 00 00 00 00 62 90 00 
<<<<
>>>>
13 77 00 00 08 00 00 00 00 00 00 00 62 
36 e9 31 60 f7 ce 8f ff b7 0a ec 4f 6b 8b c1 45 89 05 5e c5 c4 41 a6 d7 9c 02 05 61 70 95 79 d4 90 00 
<<<<
>>>>
13 76 00 00 00 
db 14 33 3a bb 31 00 c2 d3 8a fc 2c 12 3b fc 83 d8 a0 21 0b ac 51 3d 75 c1 22 68 15 c8 a9 62 78 90 00 
<<<<
>>>>
13 75 00 00 00 
00 00 00 00 00 00 00 63 90 00 
<<<<
>>>>
13 76 00 00 00 
12 b0 6d 53 44 79 48 f9 19 4e f4 e9 96 eb 9e c6 25 78 14 6f 08 93 08 0d 9c 33 f4 ef e3 93 a1 f6 90 00 
<<<<
>>>>
13 77 00 00 08 00 00 00 00 00 00 00 63 
db 14 33 3a bb 31 00 c2 d3 8a fc 2c 12 3b fc 83 d8 a0 21 0b ac 51 3d 75 c1 22 68 15 c8 a9 62 78 90 00 
<<<<
>>>>
13 75 00 00 00 
00 00 00 00 00 00 00 64 90 00 
<<<<
>>>>
13 77 00 00 08 00 00 00 00 00 00 00 64 
12 b0 6d 53 44 79 48 f9 19 4e f4 e9 96 eb 9e c6 25 78 14 6f 08 93 08 0d 9c 33 f4 ef e3 93 a1 f6 90 00 
<<<<
>>>>
13 76 00 00 00 
cd 9b c0 be 52 1d 41 d9 f9 97 2a 1a 84 3f 21 84 80 56 a3 69 d6 18 38 50 7c 57 c9 50 aa 27 3c d5 90 00 
<<<<
>>>>
13 75 00 00 00 
00 00 00 00 00 00 00 65 90 00 
<<<<
>>>>
13 76 00 00 00 
b1 8f 7b ef 91 1a a6 28 45 e8 85 a4 44 f8 62 52 40 7c e4 f7 a3 95 e5 77 38 e6 49 8d 3a 17 7a 52 90 00 
<<<<
>>>>
13 77 00 00 08 00 00 00 00 00 00 00 65 
cd 9b c0 be 52 1d 41 d9 f9 97 2a 1a 84 3f 21 84 80 56 a3 69 d6 18 38 50 7c 57 c9 50 aa 27 3c d5 90 00 
<<<<
>>>>
13 75 00 00 00 
00 00 00 00 00 00 00 66 90 00 
<<<<
>>>>
13 77 00 00 08 00 00 00 00 00 00 00 66 
b1 8f 7b ef 91 1a a6 28 45 e8 85 a4 44 f8 62 52 40 7c e4 f7 a3 95 e5 77 38 e6 49 8d 3a 17 7a 52 90 00 
<<<<
>>>>
13 76 00 00 00 
05 8a 6f 0c d2 55 f3 0d 6c 95 b1 ef d7 70 d8 43 4c d0 59 36 27 3e 73 61 8a 69 e9 07 e0 d1 12 13 90 00 
<<<<
>>>>
13 75 00 00 00 
00 00 00 00 00 00 00 67 90 00 
<<<<
>>>>
13 76 00 00 00 
1f e7 ee 76 42 e9 7b ab 7f 17 37 43 49 2c 6a 85 31 c9 a8 ae 8b 6e f1 24 f9 72 96 33 79 85 f0 7d 90 00 
<<<<
>>>>
13 77 00 00 08 00 00 00 00 00 00 00 67 
05 8a 6f 0c d2 55 f3 0d 6c 95 b1 ef d7 70 d8 43 4c d0 59 36 27 3e 73 61 8a 69 e9 07 e0 d1 12 13 90 00 
<<<<
>>>>
13 75 00 00 00 
00 00 00 00 00 00 00 68 90 00 
<<<<
>>>>
13 77 00 00 08 00 00 00 00 00 00 00 68 
1f e7 ee 76 42 e9 7b ab 7f 17 37 43 49 2c 6a 85 31 c9 a8 ae 8b 6e f1 24 f9 72 96 33 79 85 f0 7d 90 00 
<<<<
>>>>
13 76 00 00 00 
6d a0 3c 04 8d 82 7d 57 70 83 ba c8 f7 68 29 3a 47 0e 90 9c b9 0b 82 fa 9a ea 49 51 1c e1 7d 5b 90 00 
<<<<
>>>>
13 75 00 00 00 
00 00 00 00 00 00 00 69 90 00 
<<<<
>>>>
13 76 00 00 00 
ac 0e 7f 17 98 67 a2 ad 12 cf 3f 94 12 e5 5c 9d 6a 77 4c 2c 62 b5 04 b0 95 1d 3f 57 ca 74 6d ee 90 00 
<<<<
>>>>
13 77 00 00 08 00 00 00 00 00 00 00 69 
6d a0 3c 04 8d 82 7d 57 70 83 ba c8 f7 68 29 3a 47 0e 90 9c b9 0b 82 fa 9a ea 49 51 1c e1 7d 5b 90 00 
<<<<
>>>>
13 75 00 00 00 
00 00 00 00 00 00 00 6a 90 00 
<<<<
>>>>
13 77 00 00 08 00 00 00 00 00 00 00 6a 
ac 0e 7f 17 98 67 a2 ad 12 cf 3f 94 12 e5 5c 9d 6a 77 4c 2c 62 b5 04 b0 95 1d 3f 57 ca 74 6d ee 90 00 
<<<<
>>>>
13 76 00 00 00 
eb 02 00 d0 32 43 83 62 c8 35 a6 2d 8b ca 23 b9 4c e1 57 7d 4f 53 89 db 3d 99 67 32 f6 25 bd 8c 90 00 
<<<<
>>>>
13 75 00 00 00 
00 00 00 00 00 00 00 6b 90 00 
<<<<
>>>>
13 76 00 00 00 
d2 2f 8b 19 85 5d fb 13 aa 6e c5 4e 07 a3 43 67 ff 77 35 35 8c c6 8d 39 ba 71 47 f2 2b 75 35 57 90 00 
<<<<
>>>>
13 77 00 00 08 00 00 00 00 00 00 00 6b 
eb 02 00 d0 32 43 83 62 c8 35 a6 2d 8b ca 23 b9 4c e1 57 7d 4f 53 89 db 3d 99 67 32 f6 25 bd 8c 90 00 
<<<<
>>>>
13 75 00 00 00 
00 00 00 00 00 00 00 6c 90 00 
<<<<
>>>>
13 77 00 00 08 00 00 00 00 00 00 00 6c 
d2 2f 8b 19 85 5d fb 13 aa 6e c5 4e 07 a3 43 67 ff 77 35 35 8c c6 8d 39 ba 71 47 f2 2b 75 35 57 90 00 
<<<<
>>>>
13 76 00 00 00 
ec c4 aa 85 14 2d 2e 37 50 d9 4a 27 cd 48 33 61 c3 77 27 9d 7b 79 e2 e4 7a 2a c4 41 fa 4c f5 da 90 00 
<<<<
>>>>
13 75 00 00 00 
00 00 00 00 00 00 00 6d 90 00 
<<<<
>>>>
13 76 00 00 00 
0f 50 39 e5 ce 0c 18 90 af b1 a0 5b 9f c8 ec 91 81 05 f6 dd cd 2d e0 be 3e 87 cc 99 11 f0 73 cc 90 00 
<<<<
>>>>
13 77 00 00 08 00 00 00 00 00 00 00 6d 
ec c4 aa 85 14 2d 2e 37 50 d9 4a 27 cd 48 33 61 c3 77 27 9d 7b 79 e2 e4 7a 2a c4 41 fa 4c f5 da 90 00 
<<<<
>>>>
13 75 00 00 00 
00 00 00 00 00 00 00 6e 90 00 
<<<<
>>>>
13 77 00 00 08 00 00 00 00 00 00 00 6e 
0f 50 39 e5 ce 0c 18 90 af b1 a0 5b 9f c8 ec 91 81 05 f6 dd cd 2d e0 be 3e 87 cc 99 11 f0 73 cc 90 00 
<<<<
>>>>
13 76 00 00 00 
d0 d3 3a f6 7d d9 d6 e8 09 22 9a c2 3b 2b e3 9f e6 1b fb 0f 44 7b 8d 85 42 c9 0d d6 8d fb 42 ff 90 00 
<<<<
>>>>
13 75 00 00 00 
00 00 00 00 00 00 00 6f 90 00 
<<<<
>>>>
13 76 00 00 00 
43 24 73 2d b5 4f dc da 48 ce dd e4 72 80 11 11 b7 ee 4c 53 08 f1 22 92 0f 49 36 bc 1d 25 cd e3 90 00 
<<<<
>>>>
13 77 00 00 08 00 00 00 00 00 00 00 6f 
d0 d3 3a f6 7d d9 d6 e8 09 22 9a c2 3b 2b e3 9f e6 1b fb 0f 44 7b 8d 85 42 c9 0d d6 8d fb 42 ff 90 00 
<<<<
>>>>
13 75 00 00 00 
00 00 00 00 00 00 00 70 90 00 
<<<<
>>>>
13 77 00 00 08 00 00 00 00 00 00 00 70 
43 24 73 2d b5 4f dc da 48 ce dd e4 72 80 11 11 b7 ee 4c 53 08 f1 22 92 0f 49 36 bc 1d 25 cd e3 90 00 
<<<<
>>>>
13 76 00 00 00 
7d 19 47 49 7a 62 19 9a 16 c7 4e 0e 0d 8b 3e 6d 97 0b be 16 a5 8d e9 66 e1 5a 19 72 7a 04 9d 57 90 00 
<<<<
>>>>
13 75 00 00 00 
00 00 00 00 00 00 00 71 90 00 
<<<<
>>>>
13 76 00 00 00 
c2 1c 8c 0d 03 30 ef 4d 23 3e 53 76 da 7e 85 2f 52 51 01 a9 ed d0 f8 f4 51 7b 8f 43 84 41 d3 c0 90 00 
<<<<
>>>>
13 77 00 00 08 00 00 00 00 00 00 00 71 
7d 19 47 49 7a 62 19 9a 16 c7 4e 0e 0d 8b 3e 6d 97 0b be 16 a5 8d e9 66 e1 5a 19 72 7a 04 9d 57 90 00 
<<<<
>>>>
13 75 00 00 00 
00 00 00 00 00 00 00 72 90 00 
<<<<
>>>>
13 77 00 00 08 00 00 00 00 00 00 00 72 
c2 1c 8c 0d 03 30 ef 4d 23 3e 53 76 da 7e 85 2f 52 51 01 a9 ed d0 f8 f4 51 7b 8f 43 84 41 d3 c0 90 00 
<<<<
>>>>
13 76 00 00 00 
c0 b0 9d ab 9b a6 96 89 9b 59 bb 09 05 8b 65 d0 3f 47 91 d9 70 9c 47 c9 aa 87 cd 7d 98 c2 a0 9f 90 00 
<<<<
>>>>
13 75 00 00 00 
00 00 00 00 00 00 00 73 90 00 
<<<<
>>>>
13 76 00 00 00 
22 73 a0 d0 e4 d7 b7 7e 10 ce 65 38 b0 8f bd 50 47 6c af af 2d 9e 74 4b 33 85 24 2b a3 2a 87 4e 90 00 
<<<<
>>>>
13 77 00 00 08 00 00 00 00 00 00 00 73 
c0 b0 9d ab 9b a6 96 89 9b 59 bb 09 05 8b 65 d0 3f 47 91 d9 70 9c 47 c9 aa 87 cd 7d 98 c2 a0 9f 90 00 
<<<<
>>>>
13 75 00 00 00 
00 00 00 00 00 00 00 74 90 00 
<<<<
>>>>
13 77 00 00 08 00 00 00 00 00 00 00 74 
22 73 a0 d0 e4 d7 b7 7e 10 ce 65 38 b0 8f bd 50 47 6c af af 2d 9e 74 4b 33 85 24 2b a3 2a 87 4e 90 00 
<<<<
>>>>
13 76 00 00 00 
e2 71 d9 87 19 77 89 2a 95 56 92 23 ad fc c3 35 c7 0d 6f ae e2 cf c5 7d 3d 58 ed 2a 7a 00 b8 18 90 00 
<<<<
>>>>
13 75 00 00 00 
00 00 00 00 00 00 00 75 90 00 
<<<<
>>>>
13 76 00 00 00 
07 0e 14 92 63 73 f4 98 ff 14 6a ba d8 2d d9 c4 42 19 2a 98 87 6f bb c9 10 e9 2b 3c 71 05 83 fd 90 00 
<<<<
>>>>
13 77 00 00 08 00 00 00 00 00 00 00 75 
e2 71 d9 87 19 77 89 2a 95 56 92 23 ad fc c3 35 c7 0d 6f ae e2 cf c5 7d 3d 58 ed 2a 7a 00 b8 18 90 00 
<<<<
>>>>
13 75 00 00 00 
00 00 00 00 00 00 00 76 90 00 
<<<<
>>>>
13 77 00 00 08 00 00 00 00 00 00 00 76 
07 0e 14 92 63 73 f4 98 ff 14 6a ba d8 2d d9 c4 42 19 2a 98 87 6f bb c9 10 e9 2b 3c 71 05 83 fd 90 00 
<<<<
>>>>
13 76 00 00 00 
72 d7 6c 7c dc 21 f6 e2 d5 bb e6 34 a9 27 2b 3d 62 c1 31 c0 8a 67 38 dc 67 cf 14 2f d4 64 db 7c 90 00 
<<<<
>>>>
13 75 00 00 00 
00 00 00 00 00 00 00 77 90 00 
<<<<
>>>>
13 76 00 00 00 
c8 b2 0d af fe 81 40 b1 25 38 3e b7 00 df 31 0a 99 b6 3e 8f 92 e1 0f 81 f0 ab dc b2 d7 70 56 32 90 00 
<<<<
>>>>
13 77 00 00 08 00 00 00 00 00 00 00 77 
72 d7 6c 7c dc 21 f6 e2 d5 bb e6 34 a9 27 2b 3d 62 c1 31 c0 8a 67 38 dc 67 cf 14 2f d4 64 db 7c 90 00 
<<<<
>>>>
13 75 00 00 00 
00 00 00 00 00 00 00 78 90 00 
<<<<
>>>>
13 77 00 00 08 00 00 00 00 00 00 00 78 
c8 b2 0d af fe 81 40 b1 25 38 3e b7 00 df 31 0a 99 b6 3e 8f 92 e1 0f 81 f0 ab dc b2 d7 70 56 32 90 00 
<<<<
>>>>
13 76 00 00 00 
74 d9 95 8c b8 d3 db 7e bc f4 ac cc 20 ed a6 63 a9 78 ab 1c ae cf 47 e3 16 5a 0a dd c6 75 07 3b 90 00 
<<<<
>>>>
13 75 00 00 00 
00 00 00 00 00 00 00 79 90 00 
<<<<
>>>>
13 76 00 00 00 
8a 62 d1 7a 44 ca f3 8c cb 82 f7 7c 32 f4 8c 73 0b bd 7e 8b a5 99 e6 48 f8 3d bd 38 f5 87 59 9c 90 00 
<<<<
>>>>
13 77 00 00 08 00 00 00 00 00 00 00 79 
74 d9 95 8c b8 d3 db 7e bc f4 ac cc 20 ed a6 63 a9 78 ab 1c ae cf 47 e3 16 5a 0a dd c6 75 07 3b 90 00 
<<<<
>>>>
13 75 00 00 00 
00 00 00 00 00 00 00 7a 90 00 
<<<<
>>>>
13 77 00 00 08 00 00 00 00 00 00 00 7a 
8a 62 d1 7a 44 ca f3 8c cb 82 f7 7c 32 f4 8c 73 0b bd 7e 8b a5 99 e6 48 f8 3d bd 38 f5 87 59 9c 90 00 
<<<<
>>>>
13 76 00 00 00 
bf e2 e8 72 e3 34 a4 ef ce 3f b3 1e 72 92 1e ce 05 c8 d3 67 fc 9b 5c 71 8d 09 a7 5a 4e e6 a3 72 90 00 
<<<<
>>>>
13 75 00 00 00 
00 00 00 00 00 00 00 7b 90 00 
<<<<
>>>>
13 76 00 00 00 
e0 98 41 17 d6 45 db 4d b7 7c 59 ec e0 4d 76 2f 96 83 68 ea ac 3e 98 6b 71 b7 dd 6c 62 4b f9 85 90 00 
<<<<
>>>>
13 77 00 00 08 00 00 00 00 00 00 00 7b 
bf e2 e8 72 e3 34 a4 ef ce 3f b3 1e 72 92 1e ce 05 c8 d3 67 fc 9b 5c 71 8d 09 a7 5a 4e e6 a3 72 90 00 
<<<<
>>>>
13 75 00 00 00 
00 00 00 00 00 00 00 7c 90 00 
<<<<
>>>>
13 77 00 00 08 00 00 00 00 00 00 00 7c 
e0 98 41 17 d6 45 db 4d b7 7c 59 ec e0 4d 76 2f 96 83 68 ea ac 3e 98 6b 71 b7 dd 6c 62 4b f9 85 90 00 
<<<<
>>>>
13 76 00 00 00 
5e ba f4 33 53 7e cc 60 ee ff 33 61 09 77 28 2c bb 28 7f ed d6 97 df e1 4e b9 41 3b ca ec 9c fe 90 00 
<<<<
>>>>
13 75 00 00 00 
00 00 00 00 00 00 00 7d 90 00 
<<<<
>>>>
13 76 00 00 00 
c8 43 44 0f 8a b2 22 a1 78 a9 f8 47 21 ee 97 f6 2d a4 f6 ca 7b 6a 80 b7 af 31 9c fb b4 e3 a9 fc 90 00 
<<<<
>>>>
13 77 00 00 08 00 00 00 00 00 00 00 7d 
5e ba f4 33 53 7e cc 60 ee ff 33 61 09 77 28 2c bb 28 7f ed d6 97 df e1 4e b9 41 3b ca ec 9c fe 90 00 
<<<<
>>>>
13 75 00 00 00 
00 00 00 00 00 00 00 7e 90 00 
<<<<
>>>>
13 77 00 00 08 00 00 00 00 00 00 00 7e 
c8 43 44 0f 8a b2 22 a1 78 a9 f8 47 21 ee 97 f6 2d a4 f6 ca 7b 6a 80 b7 af 31 9c fb b4 e3 a9 fc 90 00 
<<<<
>>>>
13 76 00 00 00 
f0 f5 f2 6b e3 17 35 b1 c6 11 b6 16 f4 02 cb b5 1d 41 61 d9 58 08 11 e7 07 20 56 2d 70 d8 24 ef 90 00 
<<<<
>>>>
13 75 00 00 00 
00 00 00 00 00 00 00 7f 90 00 
<<<<
>>>>
13 76 00 00 00 
c3 27 71 3a 2d 96 e7 00 bb 57 d4 1b 7b 32 f1 7e 3f 81 cb ec b9 6b 16 19 7d 4e c0 2f 4b 7e a0 5f 90 00 
<<<<
>>>>
13 77 00 00 08 00 00 00 00 00 00 00 7f 
f0 f5 f2 6b e3 17 35 b1 c6 11 b6 16 f4 02 cb b5 1d 41 61 d9 58 08 11 e7 07 20 56 2d 70 d8 24 ef 90 00 
<<<<
>>>>
13 75 00 00 00 
00 00 00 00 00 00 00 80 90 00 
<<<<
>>>>
13 77 00 00 08 00 00 00 00 00 00 00 80 
c3 27 71 3a 2d 96 e7 00 bb 57 d4 1b 7b 32 f1 7e 3f 81 cb ec b9 6b 16 19 7d 4e c0 2f 4b 7e a0 5f 90 00 
<<<<
>>>>
13 76 00 00 00 
a2 d6 c1 b0 a8 8a a7 44 52 5c 5e 66 6d ff 9f 9e 9d ae cb 8f 06 86 3c 04 d9 b7 ef eb 75 f7 e8 a8 90 00 
<<<<
>>>>
13 75 00 00 00 
00 00 00 00 00 00 00 81 90 00 
<<<<
>>>>
13 76 00 00 00 
94 07 22 dd 09 d1 8a ac 22 8e 47 7a f2 25 d1 84 10 cb c1 e0 31 6b da 69 22 08 b5 fa bc e6 de 9b 90 00 
<<<<
>>>>
13 77 00 00 08 00 00 00 00 00 00 00 81 
a2 d6 c1 b0 a8 8a a7 44 52 5c 5e 66 6d ff 9f 9e 9d ae cb 8f 06 86 3c 04 d9 b7 ef eb 75 f7 e8 a8 90 00 
<<<<
>>>>
13 75 00 00 00 
00 00 00 00 00 00 00 82 90 00 
<<<<
>>>>
13 77 00 00 08 00 00 00 00 00 00 00 82 
94 07 22 dd 09 d1 8a ac 22 8e 47 7a f2 25 d1 84 10 cb c1 e0 31 6b da 69 22 08 b5 fa bc e6 de 9b 90 00 
<<<<
>>>>
13 76 00 00 00 
31 f8 71 ac cf 03 5b e7 05 8b 7a a1 f4 fa 35 93 7d 05 83 88 61 73 10 0a 7c 11 71 4b 29 4b 17 a2 90 00 
<<<<
>>>>
13 75 00 00 00 
00 00 00 00 00 00 00 83 90 00 
<<<<
>>>>
13 76 00 00 00 
b7 01 20 00 b7 6e 41 c0 34 43 fa 8b 3f 81 aa 17 18 1f fa 49 34 24 e2 ba 3b 4a 31 b7 7c f5 41 92 90 00 
<<<<
>>>>
13 77 00 00 08 00 00 00 00 00 00 00 83 
31 f8 71 ac cf 03 5b e7 05 8b 7a a1 f4 fa 35 93 7d 05 83 88 61 73 10 0a 7c 11 71 4b 29 4b 17 a2 90 00 
<<<<
>>>>
13 75 00 00 00 
00 00 00 00 00 00 00 84 90 00 
<<<<
>>>>
13 77 00 00 08 00 00 00 00 00 00 00 84 
b7 01 20 00 b7 6e 41 c0 34 43 fa 8b 3f 81 aa 17 18 1f fa 49 34 24 e2 ba 3b 4a 31 b7 7c f5 41 92 90 00 
<<<<
>>>>
13 76 00 00 00 
65 b5 86 ae b2 3d 61 53 47 d0 5b fd 4e 71 ce 19 ba 8f df cc d4 af 45 78 02 83 cd 92 6b ad 08 b2 90 00 
<<<<
>>>>
13 75 00 00 00 
00 00 00 00 00 00 00 85 90 00 
<<<<
>>>>
13 76 00 00 00 
90 2e ee 30 96 f1 2c 89 ad e0 46 44 08 71 42 e0 e9 0a 32 95 bf 49 ba 6c 0d 56 ee a7 bb ab ca c4 90 00 
<<<<
>>>>
13 77 00 00 08 00 00 00 00 00 00 00 85 
65 b5 86 ae b2 3d 61 53 47 d0 5b fd 4e 71 ce 19 ba 8f df cc d4 af 45 78 02 83 cd 92 6b ad 08 b2 90 00 
<<<<
>>>>
13 75 00 00 00 
00 00 00 00 00 00 00 86 90 00 
<<<<
>>>>
13 77 00 00 08 00 00 00 00 00 00 00 86 
90 2e ee 30 96 f1 2c 89 ad e0 46 44 08 71 42 e0 e9 0a 32 95 bf 49 ba 6c 0d 56 ee a7 bb ab ca c4 90 00 
<<<<
>>>>
13 76 00 00 00 
89 63 a9 b9 53 2a 19 69 65 04 50 9b 05 f2 c0 31 4d c9 39 c4 dc bf 48 e4 2c 2c e6 55 36 8b 91 49 90 00 
<<<<
>>>>
13 75 00 00 00 
00 00 00 00 00 00 00 87 90 00 
<<<<
>>>>
13 76 00 00 00 
9d a5 ab 27 85 38 19 41 29 0f d3 d1 8b 4a e6 c1 64 b0 d1 7c 73 4b 5f 05 86 ab 8f 7a ff 8e 6f 36 90 00 
<<<<
>>>>
13 77 00 00 08 00 00 00 00 00 00 00 87 
89 63 a9 b9 53 2a 19 69 65 04 50 9b 05 f2 c0 31 4d c9 39 c4 dc bf 48 e4 2c 2c e6 55 36 8b 91 49 90 00 
<<<<
>>>>
13 75 00 00 00 
00 00 00 00 00 00 00 88 90 00 
<<<<
>>>>
13 77 00 00 08 00 00 00 00 00 00 00 88 
9d a5 ab 27 85 38 19 41 29 0f d3 d1 8b 4a e6 c1 64 b0 d1 7c 73 4b 5f 05 86 ab 8f 7a ff 8e 6f 36 90 00 
<<<<
>>>>
13 76 00 00 00 
e6 13 e1 86 15 09 19 01 49 14 46 91 d9 4d ca f8 43 23 0f 5d 9a aa b2 cb 84 2d d1 11 23 b1 ee 8b 90 00 
<<<<
>>>>
13 75 00 00 00 
00 00 00 00 00 00 00 89 90 00 
<<<<
>>>>
13 76 00 00 00 
18 bb d5 97 12 73 ac aa ee 1d 87 a0 76 28 05 7f f7 f3 1d 08 2f e4 69 a8 69 4b f9 74 d2 02 c4 40 90 00 
<<<<
>>>>
13 77 00 00 08 00 00 00 00 00 00 00 89 
e6 13 e1 86 15 09 19 01 49 14 46 91 d9 4d ca f8 43 23 0f 5d 9a aa b2 cb 84 2d d1 11 23 b1 ee 8b 90 00 
<<<<
>>>>
13 75 00 00 00 
00 00 00 00 00 00 00 8a 90 00 
<<<<
>>>>
13 77 00 00 08 00 00 00 00 00 00 00 8a 
18 bb d5 97 12 73 ac aa ee 1d 87 a0 76 28 05 7f f7 f3 1d 08 2f e4 69 a8 69 4b f9 74 d2 02 c4 40 90 00 
<<<<
>>>>
13 76 00 00 00 
15 82 83 46 4a 8f 14 fa 6e e0 9c 24 f8 7e 40 93 ea 7e 3d 8b 7d 0e ef 38 f1 d6 5d fe 6f 2e 05 61 90 00 
<<<<
>>>>
13 75 00 00 00 
00 00 00 00 00 00 00 8b 90 00 
<<<<
>>>>
13 76 00 00 00 
9f 7f ea 41 62 23 22 38 1d dd 68 9f b7 e2 f4 c0 dc c0 74 c6 59 dd 76 70 94 84 48 e3 6a 37 ce 5d 90 00 
<<<<
>>>>
13 77 00 00 08 00 00 00 00 00 00 00 8b 
15 82 83 46 4a 8f 14 fa 6e e0 9c 24 f8 7e 40 93 ea 7e 3d 8b 7d 0e ef 38 f1 d6 5d fe 6f 2e 05 61 90 00 
<<<<
>>>>
13 75 00 00 00 
00 00 00 00 00 00 00 8c 90 00 
<<<<
>>>>
13 77 00 00 08 00 00 00 00 00 00 00 8c 
9f 7f ea 41 62 23 22 38 1d dd 68 9f b7 e2 f4 c0 dc c0 74 c6 59 dd 76 70 94 84 48 e3 6a 37 ce 5d 90 00 
<<<<
>>>>
13 76 00 00 00 
f9 ad 62 6e 02 b5 4c 23 91 13 f7 0f 30 cc bb a5 f5 6c 1e 6a b2 d3 5d 09 97 31 38 b7 55 f1 d7 cf 90 00 
<<<<
>>>>
13 75 00 00 00 
00 00 00 00 00 00 00 8d 90 00 
<<<<
>>>>
13 76 00 00 00 
e7 b0 a7 5b 27 17 4f 0c 84 99 37 cd 41 ff 71 74 bb bb 6e 54 25 52 e8 3c 32 a3 77 5c 2b f5 8b ca 90 00 
<<<<
>>>>
13 77 00 00 08 00 00 00 00 00 00 00 8d 
f9 ad 62 6e 02 b5 4c 23 91 13 f7 0f 30 cc bb a5 f5 6c 1e 6a b2 d3 5d 09 97 31 38 b7 55 f1 d7 cf 90 00 
<<<<
>>>>
13 75 00 00 00 
00 00 00 00 00 00 00 8e 90 00 
<<<<
>>>>
13 77 00 00 08 00 00 00 00 00 00 00 8e 
e7 b0 a7 5b 27 17 4f 0c 84 99 37 cd 41 ff 71 74 bb bb 6e 54 25 52 e8 3c 32 a3 77 5c 2b f5 8b ca 90 00 
<<<<
>>>>
13 76 00 00 00 
1c 06 89 49 a6 c4 02 39 81 65 0f 45 b1 2d 92 1b bb 3c bd bb c8 cc fb 6d e1 c4 97 6d 80 41 0c 9f 90 00 
<<<<
>>>>
13 75 00 00 00 
00 00 00 00 00 00 00 8f 90 00 
<<<<
>>>>
13 76 00 00 00 
9f 59 bf d7 27 65 ca b6 28 7e d2 be 86 8e 27 e4 6c 71 32 56 2a 06 a6 17 94 e6 e5 15 76 f4 9b 53 90 00 
<<<<
>>>>
13 77 00 00 08 00 00 00 00 00 00 00 8f 
1c 06 89 49 a6 c4 02 39 81 65 0f 45 b1 2d 92 1b bb 3c bd bb c8 cc fb 6d e1 c4 97 6d 80 41 0c 9f 90 00 
<<<<
>>>>
13 75 00 00 00 
00 00 00 00 00 00 00 90 90 00 
<<<<
>>>>
13 77 00 00 08 00 00 00 00 00 00 00 90 
9f 59 bf d7 27 65 ca b6 28 7e d2 be 86 8e 27 e4 6c 71 32 56 2a 06 a6 17 94 e6 e5 15 76 f4 9b 53 90 00 
<<<<
>>>>
13 76 00 00 00 
b6 22 fa 2f 45 75 44 cf c1 05 ac d1 aa 4b e6 6b 27 68 a1 15 ac b1 19 b4 e8 78 8c 9e 20 6e 90 2e 90 00 
<<<<
>>>>
13 75 00 00 00 
00 00 00 00 00 00 00 91 90 00 
<<<<
>>>>
13 76 00 00 00 
39 19 b9 d8 7d 8f dc 50 1c e0 42 3b 43 77 a1 07 3c 39 3c b7 11 4d c4 70 a5 6a e5 6b d7 31 6f fa 90 00 
<<<<
>>>>
13 77 00 00 08 00 00 00 00 00 00 00 91 
b6 22 fa 2f 45 75 44 cf c1 05 ac d1 aa 4b e6 6b 27 68 a1 15 ac b1 19 b4 e8 78 8c 9e 20 6e 90 2e 90 00 
<<<<
>>>>
13 75 00 00 00 
00 00 00 00 00 00 00 92 90 00 
<<<<
>>>>
13 77 00 00 08 00 00 00 00 00 00 00 92 
39 19 b9 d8 7d 8f dc 50 1c e0 42 3b 43 77 a1 07 3c 39 3c b7 11 4d c4 70 a5 6a e5 6b d7 31 6f fa 90 00 
<<<<
>>>>
13 76 00 00 00 
f9 5d 87 3e ba 9c 8f 72 af 15 b3 ab 09 16 2c ec 5a c8 5f ec ca 52 e1 5d a0 5f f8 7b 15 75 bb 96 90 00 
<<<<
>>>>
13 75 00 00 00 
00 00 00 00 00 00 00 93 90 00 
<<<<
>>>>
13 76 00 00 00 
1c 64 2f cd d7 18 5e e9 fe 6f 6b 43 22 8f 7e a4 a5 47 92 50 e1 01 f3 ac fb 54 f8 ab ca 24 9e 00 90 00 
<<<<
>>>>
13 77 00 00 08 00 00 00 00 00 00 00 93 
f9 5d 87 3e ba 9c 8f 72 af 15 b3 ab 09 16 2c ec 5a c8 5f ec ca 52 e1 5d a0 5f f8 7b 15 75 bb 96 90 00 
<<<<
>>>>
13 75 00 00 00 
00 00 00 00 00 00 00 94 90 00 
<<<<
>>>>
13 77 00 00 08 00 00 00 00 00 00 00 94 
1c 64 2f cd d7 18 5e e9 fe 6f 6b 43 22 8f 7e a4 a5 47 92 50 e1 01 f3 ac fb 54 f8 ab ca 24 9e 00 90 00 
<<<<
>>>>
13 76 00 00 00 
1c ea 5f c7 f5 86 50 71 a5 df 09 94 ed dc f7 b3 00 b9 72 9a f9 19 d2 15 58 23 f3 e0 4a fe 0f a6 90 00 
<<<<
>>>>
13 75 00 00 00 
00 00 00 00 00 00 00 95 90 00 
<<<<
>>>>
13 76 00 00 00 
5a e5 78 c1 90 1d f7 2e 94 b7 7a 5d 4f 68 60 08 80 84 68 67 67 47 d4 22 fe 44 e2 9f 81 aa dc 0c 90 00 
<<<<
>>>>
13 77 00 00 08 00 00 00 00 00 00 00 95 
1c ea 5f c7 f5 86 50 71 a5 df 09 94 ed dc f7 b3 00 b9 72 9a f9 19 d2 15 58 23 f3 e0 4a fe 0f a6 90 00 
<<<<
>>>>
13 75 00 00 00 
00 00 00 00 00 00 00 96 90 00 
<<<<
>>>>
13 77 00 00 08 00 00 00 00 00 00 00 96 
5a e5 78 c1 90 1d f7 2e 94 b7 7a 5d 4f 68 60 08 80 84 68 67 67 47 d4 22 fe 44 e2 9f 81 aa dc 0c 90 00 
<<<<
>>>>
13 76 00 00 00 
06 9a 6f d8 bb d3 c2 01 7d 3f 72 45 d1 d0 de 21 ec 07 b8 2f 95 ec 98 0c de 3e 51 19 06 6c e5 e6 90 00 
<<<<
>>>>
13 75 00 00 00 
00 00 00 00 00 00 00 97 90 00 
<<<<
>>>>
13 76 00 00 00 
7f b9 ab 47 4f 08 e3 9b 13 e6 9d df 86 41 55 4b da 24 05 d7 b6 fa 34 2c c8 db f7 00 24 f4 1e 56 90 00 
<<<<
>>>>
13 77 00 00 08 00 00 00 00 00 00 00 97 
06 9a 6f d8 bb d3 c2 01 7d 3f 72 45 d1 d0 de 21 ec 07 b8 2f 95 ec 98 0c de 3e 51 19 06 6c e5 e6 90 00 
<<<<
>>>>
13 75 00 00 00 
00 00 00 00 00 00 00 98 90 00 
<<<<
>>>>
13 77 00 00 08 00 00 00 00 00 00 00 98 
7f b9 ab 47 4f 08 e3 9b 13 e6 9d df 86 41 55 4b da 24 05 d7 b6 fa 34 2c c8 db f7 00 24 f4 1e 56 90 00 
<<<<
>>>>
13 76 00 00 00 
8b 14 7f 04 a9 d1 38 57 3e a1 cf d1 31 56 6b ca f5 73 94 42 bf fa de 82 7d d2 57 66 78 b9 24 4f 90 00 
<<<<
>>>>
13 75 00 00 00 
00 00 00 00 00 00 00 99 90 00 
<<<<
>>>>
13 76 00 00 00 
7c f7 89 ad dc 4e 3a c4 7f 6c 3d 1d 13 32 66 6d 8e ff 9c b7 99 8e b6 70 fb 49 38 78 36 5d 0d 62 90 00 
<<<<
>>>>
13 77 00 00 08 00 00 00 00 00 00 00 99 
8b 14 7f 04 a9 d1 38 57 3e a1 cf d1 31 56 6b ca f5 73 94 42 bf fa de 82 7d d2 57 66 78 b9 24 4f 90 00 
<<<<
>>>>
13 75 00 00 00 
00 00 00 00 00 00 00 9a 90 00 
<<<<
>>>>
13 77 00 00 08 00 00 00 00 00 00 00 9a 
7c f7 89 ad dc 4e 3a c4 7f 6c 3d 1d 13 32 66 6d 8e ff 9c b7 99 8e b6 70 fb 49 38 78 36 5d 0d 62 90 00 
<<<<
>>>>
13 76 00 00 00 
56 68 10 89 31 e5 04 ed 1e 3a 2b 76 3c 00 f7 1d 02 e9 c0 01 77 63 17 21 20 c2 6c e7 e2 f2 5b d2 90 00 
<<<<
>>>>
13 75 00 00 00 
00 00 00 00 00 00 00 9b 90 00 
<<<<
>>>>
13 76 00 00 00 
19 b0 e5 bc b2 8f 4e 1e 48 71 87 84 aa 9b df 0a 3b 6d 10 8b 85 ce 3f e6 a1 1b 14 c0 01 40 ce c7 90 00 
<<<<
>>>>
13 77 00 00 08 00 00 00 00 00 00 00 9b 
56 68 10 89 31 e5 04 ed 1e 3a 2b 76 3c 00 f7 1d 02 e9 c0 01 77 63 17 21 20 c2 6c e7 e2 f2 5b d2 90 00 
<<<<
>>>>
13 75 00 00 00 
00 00 00 00 00 00 00 9c 90 00 
<<<<
>>>>
13 77 00 00 08 00 00 00 00 00 00 00 9c 
19 b0 e5 bc b2 8f 4e 1e 48 71 87 84 aa 9b df 0a 3b 6d 10 8b 85 ce 3f e6 a1 1b 14 c0 01 40 ce c7 90 00 
<<<<
>>>>
13 76 00 00 00 
99 68 12 98 17 63 3f 17 43 91 af da 25 39 d5 29 3a 4f ce 3b 74 c0 87 0e 51 1d 3a eb 2a 67 91 f8 90 00 
<<<<
>>>>
13 75 00 00 00 
00 00 00 00 00 00 00 9d 90 00 
<<<<
>>>>
13 76 00 00 00 
40 4e e4 f3 51 94 da 2e 71 aa e7 c4 c4 79 05 94 1d c2 d5 6b 23 3e 7f 27 6f b4 48 5d 73 d5 d8 cf 90 00 
<<<<
>>>>
13 77 00 00 08 00 00 00 00 00 00 00 9d 
99 68 12 98 17 63 3f 17 43 91 af da 25 39 d5 29 3a 4f ce 3b 74 c0 87 0e 51 1d 3a eb 2a 67 91 f8 90 00 
<<<<
>>>>
13 75 00 00 00 
00 00 00 00 00 00 00 9e 90 00 
<<<<
>>>>
13 77 00 00 08 00 00 00 00 00 00 00 9e 
40 4e e4 f3 51 94 da 2e 71 aa e7 c4 c4 79 05 94 1d c2 d5 6b 23 3e 7f 27 6f b4 48 5d 73 d5 d8 cf 90 00 
<<<<
>>>>
13 76 00 00 00 
fc ea 6e 06 44 bc 0c 5f 45 48 12 01 c2 c1 cf 76 6b 84 8b 65 5d 01 7a 5b c5 66 22 bb 41 ac 11 87 90 00 
<<<<
>>>>
13 75 00 00 00 
00 00 00 00 00 00 00 9f 90 00 
<<<<
>>>>
13 76 00 00 00 
00 07 04 64 4f 2f f5 93 58 e2 af a8 26 07 5c 45 7b a5 b9 09 28 9f 32 ee 6d 54 a7 f3 c1 fd 78 e3 90 00 
<<<<
>>>>
13 77 00 00 08 00 00 00 00 00 00 00 9f 
fc ea 6e 06 44 bc 0c 5f 45 48 12 01 c2 c1 cf 76 6b 84 8b 65 5d 01 7a 5b c5 66 22 bb 41 ac 11 87 90 00 
<<<<
>>>>
13 75 00 00 00 
00 00 00 00 00 00 00 a0 90 00 
<<<<
>>>>
13 77 00 00 08 00 00 00 00 00 00 00 a0 
00 07 04 64 4f 2f f5 93 58 e2 af a8 26 07 5c 45 7b a5 b9 09 28 9f 32 ee 6d 54 a7 f3 c1 fd 78 e3 90 00 
<<<<
>>>>
13 76 00 00 00 
7b d6 a7 32 c9 c4 e5 66 b5 18 a4 1f 8c b2 56 b0 7f f6 43 45 b8 56 70 e6 21 2b 67 5e 3c 73 88 cd 90 00 
<<<<
>>>>
13 75 00 00 00 
00 00 00 00 00 00 00 a1 90 00 
<<<<
>>>>
13 76 00 00 00 
b1 b1 fb c7 a8 17 2e d8 bf ed d1 77 a0 07 9a 08 30 e8 cb 71 bd b3 e1 63 3d 12 f6 cc 9d 3e d1 73 90 00 
<<<<
>>>>
13 77 00 00 08 00 00 00 00 00 00 00 a1 
7b d6 a7 32 c9 c4 e5 66 b5 18 a4 1f 8c b2 56 b0 7f f6 43 45 b8 56 70 e6 21 2b 67 5e 3c 73 88 cd 90 00 
<<<<
>>>>
13 75 00 00 00 
00 00 00 00 00 00 00 a2 90 00 
<<<<
>>>>
13 77 00 00 08 00 00 00 00 00 00 00 a2 
b1 b1 fb c7 a8 17 2e d8 bf ed d1 77 a0 07 9a 08 30 e8 cb 71 bd b3 e1 63 3d 12 f6 cc 9d 3e d1 73 90 00 
<<<<
>>>>
13 76 00 00 00 
67 5d 96 0b 42 18 cb 3e 71 3e a7 86 a3 82 d2 c0 00 99 d0 3c 79 f2 e8 8a 16 65 2e 97 b2 4a ef b8 90 00 
<<<<
>>>>
13 75 00 00 00 
00 00 00 00 00 00 00 a3 90 00 
<<<<
>>>>
13 76 00 00 00 
0f 18 77 75 82 d8 00 15 d3 24 68 bf b6 3f 21 a8 88 cf da 08 98 20 17 82 bf 73 59 e5 ca 02 22 6d 90 00 
<<<<
>>>>
13 77 00 00 08 00 00 00 00 00 00 00 a3 
67 5d 96 0b 42 18 cb 3e 71 3e a7 86 a3 82 d2 c0 00 99 d0 3c 79 f2 e8 8a 16 65 2e 97 b2 4a ef b8 90 00 
<<<<
>>>>
13 75 00 00 00 
00 00 00 00 00 00 00 a4 90 00 
<<<<
>>>>
13 77 00 00 08 00 00 00 00 00 00 00 a4 
0f 18 77 75 82 d8 00 15 d3 24 68 bf b6 3f 21 a8 88 cf da 08 98 20 17 82 bf 73 59 e5 ca 02 22 6d 90 00 
<<<<
>>>>
13 76 00 00 00 
11 6e cb 99 db d4 25 28 84 b3 51 3a 1c 23 a3 b2 ed b4 6d ed a9 eb 26 ca e0 67 71 8f 81 10 19 86 90 00 
<<<<
>>>>
13 75 00 00 00 
00 00 00 00 00 00 00 a5 90 00 
<<<<
>>>>
13 76 00 00 00 
88 f0 1d 54 69 42 d9 45 11 dd ae 3d d4 b3 85 25 d6 3e 36 e5 4b 11 4f 75 22 95 ae d6 7f 82 94 b4 90 00 
<<<<
>>>>
13 77 00 00 08 00 00 00 00 00 00 00 a5 
11 6e cb 99 db d4 25 28 84 b3 51 3a 1c 23 a3 b2 ed b4 6d ed a9 eb 26 ca e0 67 71 8f 81 10 19 86 90 00 
<<<<
>>>>
13 75 00 00 00 
00 00 00 00 00 00 00 a6 90 00 
<<<<
>>>>
13 77 00 00 08 00 00 00 00 00 00 00 a6 
88 f0 1d 54 69 42 d9 45 11 dd ae 3d d4 b3 85 25 d6 3e 36 e5 4b 11 4f 75 22 95 ae d6 7f 82 94 b4 90 00 
<<<<
>>>>
13 76 00 00 00 
a8 2b bf f1 59 19 4b ff 60 25 02 0f 6a 89 49 66 c0 a3 2d 6a d5 86 bd 7a 0d 73 64 c8 49 e7 e8 0b 90 00 
<<<<
>>>>
13 75 00 00 00 
00 00 00 00 00 00 00 a7 90 00 
<<<<
>>>>
13 76 00 00 00 
78 2e 7c dc d2 e0 34 25 44 e6 e0 91 30 14 01 c4 02 60 7d 84 7e 45 f8 01 ee 95 68 23 0c a3 b1 8b 90 00 
<<<<
>>>>
13 77 00 00 08 00 00 00 00 00 00 00 a7 
a8 2b bf f1 59 19 4b ff 60 25 02 0f 6a 89 49 66 c0 a3 2d 6a d5 86 bd 7a 0d 73 64 c8 49 e7 e8 0b 90 00 
<<<<
>>>>
13 75 00 00 00 
00 00 00 00 00 00 00 a8 90 00 
<<<<
>>>>
13 77 00 00 08 00 00 00 00 00 00 00 a8 
78 2e 7c dc d2 e0 34 25 44 e6 e0 91 30 14 01 c4 02 60 7d 84 7e 45 f8 01 ee 95 68 23 0c a3 b1 8b 90 00 
<<<<
>>>>
13 76 00 00 00 
4c 05 bf 4e b3 65 80 11 15 00 bd e0 dc 00 21 99 2a 57 25 ff 7d c4 6d 0d 88 19 ea e1 cb a6 95 6f 90 00 
<<<<
>>>>
13 75 00 00 00 
00 00 00 00 00 00 00 a9 90 00 
<<<<
>>>>
13 76 00 00 00 
94 15 36 b3 dc 3b 45 37 97 71 52 c2 e6 a2 d9 ba 3b 3f 6e 60 94 10 30 33 80 91 32 28 9e c3 af 41 90 00 
<<<<
>>>>
13 77 00 00 08 00 00 00 00 00 00 00 a9 
4c 05 bf 4e b3 65 80 11 15 00 bd e0 dc 00 21 99 2a 57 25 ff 7d c4 6d 0d 88 19 ea e1 cb a6 95 6f 90 00 
<<<<
>>>>
13 75 00 00 00 
00 00 00 00 00 00 00 aa 90 00 
<<<<
>>>>
13 77 00 00 08 00 00 00 00 00 00 00 aa 
94 15 36 b3 dc 3b 45 37 97 71 52 c2 e6 a2 d9 ba 3b 3f 6e 60 94 10 30 33 80 91 32 28 9e c3 af 41 90 00 
<<<<
>>>>
13 76 00 00 00 
e6 48 1a d7 83 72 44 cf 4f 24 7e aa 00 cd 80 70 72 60 93 9e bb 9a 50 16 ca 68 2d 0e b6 34 97 ad 90 00 
<<<<
>>>>
13 75 00 00 00 
00 00 00 00 00 00 00 ab 90 00 
<<<<
>>>>
13 76 00 00 00 
10 e8 0f 0e 6c 3f 67 fb 22 5b cf be 6d 88 dd c0 5b 3a 8b 53 5b 44 8b d7 3a ea 10 3b 3b f9 2f 6f 90 00 
<<<<
>>>>
13 77 00 00 08 00 00 00 00 00 00 00 ab 
e6 48 1a d7 83 72 44 cf 4f 24 7e aa 00 cd 80 70 72 60 93 9e bb 9a 50 16 ca 68 2d 0e b6 34 97 ad 90 00 
<<<<
>>>>
13 75 00 00 00 
00 00 00 00 00 00 00 ac 90 00 
<<<<
>>>>
13 77 00 00 08 00 00 00 00 00 00 00 ac 
10 e8 0f 0e 6c 3f 67 fb 22 5b cf be 6d 88 dd c0 5b 3a 8b 53 5b 44 8b d7 3a ea 10 3b 3b f9 2f 6f 90 00 
<<<<
>>>>
13 76 00 00 00 
3e 5c fa 9b 5a 68 60 85 76 86 79 67 b7 5b 84 c3 cf 54 3a 9f 65 f0 5b 84 a3 9a 0f e7 15 52 d2 0b 90 00 
<<<<
>>>>
13 75 00 00 00 
00 00 00 00 00 00 00 ad 90 00 
<<<<
>>>>
13 76 00 00 00 
4f 87 a6 a4 e0 cd d3 bb 33 21 b7 b0 fa 91 0d 3d e6 9d f2 a8 cf e2 35 c1 0c 6d 9d f4 cd d6 4e ca 90 00 
<<<<
>>>>
13 77 00 00 08 00 00 00 00 00 00 00 ad 
3e 5c fa 9b 5a 68 60 85 76 86 79 67 b7 5b 84 c3 cf 54 3a 9f 65 f0 5b 84 a3 9a 0f e7 15 52 d2 0b 90 00 
<<<<
>>>>
13 75 00 00 00 
00 00 00 00 00 00 00 ae 90 00 
<<<<
>>>>
13 77 00 00 08 00 00 00 00 00 00 00 ae 
4f 87 a6 a4 e0 cd d3 bb 33 21 b7 b0 fa 91 0d 3d e6 9d f2 a8 cf e2 35 c1 0c 6d 9d f4 cd d6 4e ca 90 00 
<<<<
>>>>
13 76 00 00 00 
70 89 4e 5d ea 3e d7 20 98 58 82 62 da 15 3b bf eb 46 93 c9 2d cd cf ba 61 8e 3e 2e 11 13 ef 99 90 00 
<<<<
>>>>
13 75 00 00 00 
00 00 00 00 00 00 00 af 90 00 
<<<<
>>>>
13 76 00 00 00 
c6 8f f5 87 fa 1a c5 8b 6a b7 8a 80 3d 8b 14 3c 49 0f 5e 3a 26 66 03 d1 4c 38 cd ea 08 36 b6 4a 90 00 
<<<<
>>>>
13 77 00 00 08 00 00 00 00 00 00 00 af 
70 89 4e 5d ea 3e d7 20 98 58 82 62 da 15 3b bf eb 46 93 c9 2d cd cf ba 61 8e 3e 2e 11 13 ef 99 90 00 
<<<<
>>>>
13 75 00 00 00 
00 00 00 00 00 00 00 b0 90 00 
<<<<
>>>>
13 77 00 00 08 00 00 00 00 00 00 00 b0 
c6 8f f5 87 fa 1a c5 8b 6a b7 8a 80 3d 8b 14 3c 49 0f 5e 3a 26 66 03 d1 4c 38 cd ea 08 36 b6 4a 90 00 
<<<<
>>>>
13 76 00 00 00 
e1 15 55 ad 80 ad cc 8c 70 f1 ca b0 37 a3 00 99 08 d7 32 bc aa bc 90 42 4c 4a b9 4f 1b 48 22 03 90 00 
<<<<
>>>>
13 75 00 00 00 
00 00 00 00 00 00 00 b1 90 00 
<<<<
>>>>
13 76 00 00 00 
ae e8 f7 dd 83 ca ec d3 86 07 64 98 d9 bc 5f de ca fd ed fa 5d d1 f2 5e d9 ef b6 43 63 0f c7 61 90 00 
<<<<
>>>>
13 77 00 00 08 00 00 00 00 00 00 00 b1 
e1 15 55 ad 80 ad cc 8c 70 f1 ca b0 37 a3 00 99 08 d7 32 bc aa bc 90 42 4c 4a b9 4f 1b 48 22 03 90 00 
<<<<
>>>>
13 75 00 00 00 
00 00 00 00 00 00 00 b2 90 00 
<<<<
>>>>
13 77 00 00 08 00 00 00 00 00 00 00 b2 
ae e8 f7 dd 83 ca ec d3 86 07 64 98 d9 bc 5f de ca fd ed fa 5d d1 f2 5e d9 ef b6 43 63 0f c7 61 90 00 
<<<<
>>>>
13 76 00 00 00 
b8 d7 7c a0 94 17 b0 1d d2 7e ab 0c 0d e1 0f a1 f4 8a d8 00 bc 23 60 aa 84 7b d6 87 2d 17 b5 b2 90 00 
<<<<
>>>>
13 75 00 00 00 
00 00 00 00 00 00 00 b3 90 00 
<<<<
>>>>
13 76 00 00 00 
23 39 ad 09 6b 7e c1 25 82 a0 9d 23 5b 75 9a 6e 53 18 3e 87 72 cb b2 2a 08 b4 7a 1c 8b 8b 78 23 90 00 
<<<<
>>>>
13 77 00 00 08 00 00 00 00 00 00 00 b3 
b8 d7 7c a0 94 17 b0 1d d2 7e ab 0c 0d e1 0f a1 f4 8a d8 00 bc 23 60 aa 84 7b d6 87 2d 17 b5 b2 90 00 
<<<<
>>>>
13 75 00 00 00 
00 00 00 00 00 00 00 b4 90 00 
<<<<
>>>>
13 77 00 00 08 00 00 00 00 00 00 00 b4 
23 39 ad 09 6b 7e c1 25 82 a0 9d 23 5b 75 9a 6e 53 18 3e 87 72 cb b2 2a 08 b4 7a 1c 8b 8b 78 23 90 00 
<<<<
>>>>
13 76 00 00 00 
90 7b 33 36 af 0f 47 ee eb 70 60 91 e8 18 50 5b 93 a3 28 9c 30 2e fb b1 d4 dc d6 88 de a3 f3 13 90 00 
<<<<
>>>>
13 75 00 00 00 
00 00 00 00 00 00 00 b5 90 00 
<<<<
>>>>
13 76 00 00 00 
72 4c 82 47 d4 e2 7e c0 78 68 46 e7 37 f1 29 d8 ca f0 d0 48 33 70 3c cd 96 15 b8 b5 70 02 ee 0c 90 00 
<<<<
>>>>
13 77 00 00 08 00 00 00 00 00 00 00 b5 
90 7b 33 36 af 0f 47 ee eb 70 60 91 e8 18 50 5b 93 a3 28 9c 30 2e fb b1 d4 dc d6 88 de a3 f3 13 90 00 
<<<<
>>>>
13 75 00 00 00 
00 00 00 00 00 00 00 b6 90 00 
<<<<
>>>>
13 77 00 00 08 00 00 00 00 00 00 00 b6 
72 4c 82 47 d4 e2 7e c0 78 68 46 e7 37 f1 29 d8 ca f0 d0 48 33 70 3c cd 96 15 b8 b5 70 02 ee 0c 90 00 
<<<<
>>>>
13 76 00 00 00 
9e 5c c6 8f 96 4f 89 d8 18 d4 86 58 a3 d8 e7 63 cb de 88 5d 4f 6d d2 09 be de 1f 3d 93 1f 36 93 90 00 
<<<<
>>>>
13 75 00 00 00 
00 00 00 00 00 00 00 b7 90 00 
<<<<
>>>>
13 76 00 00 00 
42 ff 3a 11 a6 9b dc 32 42 d6 06 d4 a9 d0 03 0b 46 62 5f 39 0e 2c 2c 78 5f 25 ef ec 22 5d ba b7 90 00 
<<<<
>>>>
13 77 00 00 08 00 00 00 00 00 00 00 b7 
9e 5c c6 8f 96 4f 89 d8 18 d4 86 58 a3 d8 e7 63 cb de 88 5d 4f 6d d2 09 be de 1f 3d 93 1f 36 93 90 00 
<<<<
>>>>
13 75 00 00 00 
00 00 00 00 00 00 00 b8 90 00 
<<<<
>>>>
13 77 00 00 08 00 00 00 00 00 00 00 b8 
42 ff 3a 11 a6 9b dc 32 42 d6 06 d4 a9 d0 03 0b 46 62 5f 39 0e 2c 2c 78 5f 25 ef ec 22 5d ba b7 90 00 
<<<<
>>>>
13 76 00 00 00 
b6 8b 5a 92 f5 b6 b3 cf a1 16 93 59 ff 9b 8b 8a cb ac 85 f5 56 8c c9 9d 75 11 1d b3 ae 94 50 30 90 00 
<<<<
>>>>
13 75 00 00 00 
00 00 00 00 00 00 00 b9 90 00 
<<<<
>>>>
13 76 00 00 00 
7f f0 a0 f2 dc 9c 44 00 e8 5f ec 3c b2 58 e5 30 cb 6d df 11 f0 41 c8 da 5e 87 03 0f 60 ea ad c2 90 00 
<<<<
>>>>
13 77 00 00 08 00 00 00 00 00 00 00 b9 
b6 8b 5a 92 f5 b6 b3 cf a1 16 93 59 ff 9b 8b 8a cb ac 85 f5 56 8c c9 9d 75 11 1d b3 ae 94 50 30 90 00 
<<<<
>>>>
13 75 00 00 00 
00 00 00 00 00 00 00 ba 90 00 
<<<<
>>>>
13 77 00 00 08 00 00 00 00 00 00 00 ba 
7f f0 a0 f2 dc 9c 44 00 e8 5f ec 3c b2 58 e5 30 cb 6d df 11 f0 41 c8 da 5e 87 03 0f 60 ea ad c2 90 00 
<<<<
>>>>
13 76 00 00 00 
03 d5 f1 96 40 93 4f 81 7f da 98 7c 15 2e b2 aa 62 1c c9 1b 9b 46 ad 40 33 f5 10 20 78 b3 c5 27 90 00 
<<<<
>>>>
13 75 00 00 00 
00 00 00 00 00 00 00 bb 90 00 
<<<<
>>>>
13 76 00 00 00 
fb cb c3 a5 dc 5b 8c 71 16 af 05 12 6d fd 2b a8 d9 e3 e8 31 18 1f 4c ab 2b 34 1c 63 3d 9f 09 4d 90 00 
<<<<
>>>>
13 77 00 00 08 00 00 00 00 00 00 00 bb 
03 d5 f1 96 40 93 4f 81 7f da 98 7c 15 2e b2 aa 62 1c c9 1b 9b 46 ad 40 33 f5 10 20 78 b3 c5 27 90 00 
<<<<
>>>>
13 75 00 00 00 
00 00 00 00 00 00 00 bc 90 00 
<<<<
>>>>
13 77 00 00 08 00 00 00 00 00 00 00 bc 
fb cb c3 a5 dc 5b 8c 71 16 af 05 12 6d fd 2b a8 d9 e3 e8 31 18 1f 4c ab 2b 34 1c 63 3d 9f 09 4d 90 00 
<<<<
>>>>
13 76 00 00 00 
87 20 01 db b6 b9 2f 09 f4 de 90 ed 1b 18 03 c0 9c 06 7b 54 3e 09 ea c2 f6 91 29 1f 01 71 24 b7 90 00 
<<<<
>>>>
13 75 00 00 00 
00 00 00 00 00 00 00 bd 90 00 
<<<<
>>>>
13 76 00 00 00 
0a 0e 08 cf 83 21 77 b1 27 9d 5f 67 02 b0 b5 68 76 4f 21 16 1b 23 aa c3 1c 48 6e 6d e9 e8 10 22 90 00 
<<<<
>>>>
13 77 00 00 08 00 00 00 00 00 00 00 bd 
87 20 01 db b6 b9 2f 09 f4 de 90 ed 1b 18 03 c0 9c 06 7b 54 3e 09 ea c2 f6 91 29 1f 01 71 24 b7 90 00 
<<<<
>>>>
13 75 00 00 00 
00 00 00 00 00 00 00 be 90 00 
<<<<
>>>>
13 77 00 00 08 00 00 00 00 00 00 00 be 
0a 0e 08 cf 83 21 77 b1 27 9d 5f 67 02 b0 b5 68 76 4f 21 16 1b 23 aa c3 1c 48 6e 6d e9 e8 10 22 90 00 
<<<<
>>>>
13 76 00 00 00 
b5 00 db 87 73 f6 88 b5 63 92 16 2a 29 d3 9d 29 a5 5a f9 4f 7c b3 9a 0e bd 9b 95 9f 2b f5 85 e0 90 00 
<<<<
>>>>
13 75 00 00 00 
00 00 00 00 00 00 00 bf 90 00 
<<<<
>>>>
13 76 00 00 00 
91 70 0c c3 9c b3 05 02 08 ce 3f 5f 09 99 73 d9 83 f7 96 8f 8f 8c 82 2f 8d 9b b6 4a 41 e0 52 24 90 00 
<<<<
>>>>
13 77 00 00 08 00 00 00 00 00 00 00 bf 
b5 00 db 87 73 f6 88 b5 63 92 16 2a 29 d3 9d 29 a5 5a f9 4f 7c b3 9a 0e bd 9b 95 9f 2b f5 85 e0 90 00 
<<<<
>>>>
13 75 00 00 00 
00 00 00 00 00 00 00 c0 90 00 
<<<<
>>>>
13 77 00 00 08 00 00 00 00 00 00 00 c0 
91 70 0c c3 9c b3 05 02 08 ce 3f 5f 09 99 73 d9 83 f7 96 8f 8f 8c 82 2f 8d 9b b6 4a 41 e0 52 24 90 00 
<<<<
>>>>
13 76 00 00 00 
98 20 6a c7 b8 14 e4 05 3f 84 10 9f 68 7f 2c 72 ba 13 4a 1e f1 18 4d f2 ed 75 99 01 f7 e3 ba 33 90 00 
<<<<
>>>>
13 75 00 00 00 
00 00 00 00 00 00 00 c1 90 00 
<<<<
>>>>
13 76 00 00 00 
69 86 4c fe 42 56 55 11 9d 59 74 56 6b 99 5c eb 95 22 06 04 67 da 69 f5 40 dd 7c e2 3c 17 b3 b3 90 00 
<<<<
>>>>
13 77 00 00 08 00 00 00 00 00 00 00 c1 
98 20 6a c7 b8 14 e4 05 3f 84 10 9f 68 7f 2c 72 ba 13 4a 1e f1 18 4d f2 ed 75 99 01 f7 e3 ba 33 90 00 
<<<<
>>>>
13 75 00 00 00 
00 00 00 00 00 00 00 c2 90 00 
<<<<
>>>>
13 77 00 00 08 00 00 00 00 00 00 00 c2 
69 86 4c fe 42 56 55 11 9d 59 74 56 6b 99 5c eb 95 22 06 04 67 da 69 f5 40 dd 7c e2 3c 17 b3 b3 90 00 
<<<<
>>>>
13 76 00 00 00 
c1 24 b1 b0 75 bf 54 6f 56 d6 0e 22 14 45 30 58 97 56 0f d3 f7 7d de 6e 3d 91 28 14 3c 70 f6 7a 90 00 
<<<<
>>>>
13 75 00 00 00 
00 00 00 00 00 00 00 c3 90 00 
<<<<
>>>>
13 76 00 00 00 
f2 0f 9a d0 c4 30 34 46 fa ac 65 f1 ba 06 b8 90 af 1b 65 a1 03 f7 dc 68 de db a4 ed 71 3b 07 59 90 00 
<<<<
>>>>
13 77 00 00 08 00 00 00 00 00 00 00 c3 
c1 24 b1 b0 75 bf 54 6f 56 d6 0e 22 14 45 30 58 97 56 0f d3 f7 7d de 6e 3d 91 28 14 3c 70 f6 7a 90 00 
<<<<
>>>>
13 75 00 00 00 
00 00 00 00 00 00 00 c4 90 00 
<<<<
>>>>
13 77 00 00 08 00 00 00 00 00 00 00 c4 
f2 0f 9a d0 c4 30 34 46 fa ac 65 f1 ba 06 b8 90 af 1b 65 a1 03 f7 dc 68 de db a4 ed 71 3b 07 59 90 00 
<<<<
>>>>
13 76 00 00 00 
d8 96 76 ab b7 f5 77 7c cc 2a e2 7a 35 52 d5 10 f4 93 90 10 98 fc 5e f6 46 a8 d8 e6 32 dd b4 19 90 00 
<<<<
>>>>
13 75 00 00 00 
00 00 00 00 00 00 00 c5 90 00 
<<<<
>>>>
13 76 00 00 00 
06 54 32 52 18 81 15 61 04 09 1e 8e 57 00 8f 7e e3 b5 10 1f 7c f9 6a d7 25 64 e8 9f b6 0c a2 80 90 00 
<<<<
>>>>
13 77 00 00 08 00 00 00 00 00 00 00 c5 
d8 96 76 ab b7 f5 77 7c cc 2a e2 7a 35 52 d5 10 f4 93 90 10 98 fc 5e f6 46 a8 d8 e6 32 dd b4 19 90 00 
<<<<
>>>>
13 75 00 00 00 
00 00 00 00 00 00 00 c6 90 00 
<<<<
>>>>
13 77 00 00 08 00 00 00 00 00 00 00 c6 
06 54 32 52 18 81 15 61 04 09 1e 8e 57 00 8f 7e e3 b5 10 1f 7c f9 6a d7 25 64 e8 9f b6 0c a2 80 90 00 
<<<<
>>>>
13 76 00 00 00 
b9 5e 0d 3b 76 fe bb c0 ea 30 93 63 02 63 4e 93 d0 09 7e d0 af 9d 17 a1 05 fc 36 82 e1 ce 7e 0c 90 00 
<<<<
>>>>
13 75 00 00 00 
00 00 00 00 00 00 00 c7 90 00 
<<<<
>>>>
13 76 00 00 00 
4d 03 88 22 4c 59 84 03 ec f3 5a 81 d0 1a 6e 6f e1 27 68 90 2b a4 c9 16 f2 2f 2a a0 5f d2 56 5b 90 00 
<<<<
>>>>
13 77 00 00 08 00 00 00 00 00 00 00 c7 
b9 5e 0d 3b 76 fe bb c0 ea 30 93 63 02 63 4e 93 d0 09 7e d0 af 9d 17 a1 05 fc 36 82 e1 ce 7e 0c 90 00 
<<<<
>>>>
13 75 00 00 00 
00 00 00 00 00 00 00 c8 90 00 
<<<<
>>>>
13 77 00 00 08 00 00 00 00 00 00 00 c8 
4d 03 88 22 4c 59 84 03 ec f3 5a 81 d0 1a 6e 6f e1 27 68 90 2b a4 c9 16 f2 2f 2a a0 5f d2 56 5b 90 00 
<<<<
>>>>
13 76 00 00 00 
2a 6d 8d 26 64 6e 4a 81 46 18 f6 45 57 47 79 9e 1b 5b 0e 1a a6 d6 04 c6 f0 00 99 70 d2 7f 59 ac 90 00 
<<<<
>>>>
13 75 00 00 00 
00 00 00 00 00 00 00 c9 90 00 
<<<<
>>>>
13 76 00 00 00 
65 d5 a5 06 05 47 57 d2 20 d7 8a 6c e8 21 44 7c b2 3d a7 d6 6e af 7d cf 6d af 7d 38 14 8b 37 6d 90 00 
<<<<
>>>>
13 77 00 00 08 00 00 00 00 00 00 00 c9 
2a 6d 8d 26 64 6e 4a 81 46 18 f6 45 57 47 79 9e 1b 5b 0e 1a a6 d6 04 c6 f0 00 99 70 d2 7f 59 ac 90 00 
<<<<
>>>>
13 75 00 00 00 
00 00 00 00 00 00 00 ca 90 00 
<<<<
>>>>
13 77 00 00 08 00 00 00 00 00 00 00 ca 
65 d5 a5 06 05 47 57 d2 20 d7 8a 6c e8 21 44 7c b2 3d a7 d6 6e af 7d cf 6d af 7d 38 14 8b 37 6d 90 00 
<<<<
>>>>
13 76 00 00 00 
8e ac 5d d1 3d 3b 7b d1 55 cd 34 25 7c 81 59 71 0b 38 d8 80 f6 e8 ed 08 06 d6 81 5c 3c fb 3f aa 90 00 
<<<<
>>>>
13 75 00 00 00 
00 00 00 00 00 00 00 cb 90 00 
<<<<
>>>>
13 76 00 00 00 
68 d9 72 95 f4 d3 82 a5 98 81 fc 5d 6c 48 22 8e b5 1d d3 db 3b 97 58 2a 72 cf e4 da 84 25 7f 06 90 00 
<<<<
>>>>
13 77 00 00 08 00 00 00 00 00 00 00 cb 
8e ac 5d d1 3d 3b 7b d1 55 cd 34 25 7c 81 59 71 0b 38 d8 80 f6 e8 ed 08 06 d6 81 5c 3c fb 3f aa 90 00 
<<<<
>>>>
13 75 00 00 00 
00 00 00 00 00 00 00 cc 90 00 
<<<<
>>>>
13 77 00 00 08 00 00 00 00 00 00 00 cc 
68 d9 72 95 f4 d3 82 a5 98 81 fc 5d 6c 48 22 8e b5 1d d3 db 3b 97 58 2a 72 cf e4 da 84 25 7f 06 90 00 
<<<<
>>>>
13 76 00 00 00 
0e 7c 49 ce 38 90 82 41 c5 77 95 62 b5 96 57 e7 29 13 e9 e6 84 b7 b4 ab 7d 87 ff 7b dd 6d cc 7f 90 00 
<<<<
>>>>
13 75 00 00 00 
00 00 00 00 00 00 00 cd 90 00 
<<<<
>>>>
13 76 00 00 00 
6c d5 d2 a6 94 20 c1 4c b8 89 f1 7d 71 d7 55 ca 7c 4c 6e 3a 5f ff d1 58 3a 75 88 2c 0e 23 2c 13 90 00 
<<<<
>>>>
13 77 00 00 08 00 00 00 00 00 00 00 cd 
0e 7c 49 ce 38 90 82 41 c5 77 95 62 b5 96 57 e7 29 13 e9 e6 84 b7 b4 ab 7d 87 ff 7b dd 6d cc 7f 90 00 
<<<<
>>>>
13 75 00 00 00 
00 00 00 00 00 00 00 ce 90 00 
<<<<
>>>>
13 77 00 00 08 00 00 00 00 00 00 00 ce 
6c d5 d2 a6 94 20 c1 4c b8 89 f1 7d 71 d7 55 ca 7c 4c 6e 3a 5f ff d1 58 3a 75 88 2c 0e 23 2c 13 90 00 
<<<<
>>>>
13 76 00 00 00 
fd 29 73 94 08 c1 8e 0e 61 c8 10 4a c4 89 22 13 7f 8d 23 90 2b 2a d3 b9 ee 5d 93 da c4 e3 fb b1 90 00 
<<<<
>>>>
13 75 00 00 00 
00 00 00 00 00 00 00 cf 90 00 
<<<<
>>>>
13 76 00 00 00 
9a 5a 8a fd 24 bc f6 5c ea 95 7a 3d 48 c9 1f 04 ac 0e 47 dd 97 ae 48 e1 1f c3 06 51 bb ea 7f 71 90 00 
<<<<
>>>>
13 77 00 00 08 00 00 00 00 00 00 00 cf 
fd 29 73 94 08 c1 8e 0e 61 c8 10 4a c4 89 22 13 7f 8d 23 90 2b 2a d3 b9 ee 5d 93 da c4 e3 fb b1 90 00 
<<<<
>>>>
13 75 00 00 00 
00 00 00 00 00 00 00 d0 90 00 
<<<<
>>>>
13 77 00 00 08 00 00 00 00 00 00 00 d0 
9a 5a 8a fd 24 bc f6 5c ea 95 7a 3d 48 c9 1f 04 ac 0e 47 dd 97 ae 48 e1 1f c3 06 51 bb ea 7f 71 90 00 
<<<<
>>>>
13 76 00 00 00 
00 45 48 81 ae 15 15 f1 bc db a6 24 02 8d d7 b9 79 96 9c 4c 99 7b 15 4b 93 e4 92 3e 91 02 05 ba 90 00 
<<<<
>>>>
13 75 00 00 00 
00 00 00 00 00 00 00 d1 90 00 
<<<<
>>>>
13 76 00 00 00 
c5 73 79 b6 09 33 1a cf 39 5a ae 3e 71 ed bc 29 46 b5 ef a7 d7 f1 69 16 5a c5 17 dc 74 a3 4f 24 90 00 
<<<<
>>>>
13 77 00 00 08 00 00 00 00 00 00 00 d1 
00 45 48 81 ae 15 15 f1 bc db a6 24 02 8d d7 b9 79 96 9c 4c 99 7b 15 4b 93 e4 92 3e 91 02 05 ba 90 00 
<<<<
>>>>
13 75 00 00 00 
00 00 00 00 00 00 00 d2 90 00 
<<<<
>>>>
13 77 00 00 08 00 00 00 00 00 00 00 d2 
c5 73 79 b6 09 33 1a cf 39 5a ae 3e 71 ed bc 29 46 b5 ef a7 d7 f1 69 16 5a c5 17 dc 74 a3 4f 24 90 00 
<<<<
>>>>
13 76 00 00 00 
e4 08 12 2c 56 a5 47 6a 04 d7 15 52 8c b5 d0 24 31 ba eb 52 8b 85 f9 28 ca 95 54 8c 65 1b 22 c8 90 00 
<<<<
>>>>
13 75 00 00 00 
00 00 00 00 00 00 00 d3 90 00 
<<<<
>>>>
13 76 00 00 00 
bc 36 06 e6 15 8d 3a 6a 00 ec 40 23 55 ec c1 8e 2b e3 90 46 b8 58 45 0d 98 04 16 a7 15 0f 38 cf 90 00 
<<<<
>>>>
13 77 00 00 08 00 00 00 00 00 00 00 d3 
e4 08 12 2c 56 a5 47 6a 04 d7 15 52 8c b5 d0 24 31 ba eb 52 8b 85 f9 28 ca 95 54 8c 65 1b 22 c8 90 00 
<<<<
>>>>
13 75 00 00 00 
00 00 00 00 00 00 00 d4 90 00 
<<<<
>>>>
13 77 00 00 08 00 00 00 00 00 00 00 d4 
bc 36 06 e6 15 8d 3a 6a 00 ec 40 23 55 ec c1 8e 2b e3 90 46 b8 58 45 0d 98 04 16 a7 15 0f 38 cf 90 00 
<<<<
>>>>
13 76 00 00 00 
10 2e 9c d8 a8 4f 22 b3 07 2b 6f ad 5f a4 83 66 b0 d6 06 61 db e8 26 c7 ca 6d 75 04 f3 35 44 fb 90 00 
<<<<
>>>>
13 75 00 00 00 
00 00 00 00 00 00 00 d5 90 00 
<<<<
>>>>
13 76 00 00 00 
d7 3e 49 b4 74 ac 56 e2 af ff d5 25 ed 2e 41 b0 37 a8 86 f5 b6 4c 73 ca 67 5e 01 ce c7 8e 60 3f 90 00 
<<<<
>>>>
13 77 00 00 08 00 00 00 00 00 00 00 d5 
10 2e 9c d8 a8 4f 22 b3 07 2b 6f ad 5f a4 83 66 b0 d6 06 61 db e8 26 c7 ca 6d 75 04 f3 35 44 fb 90 00 
<<<<
>>>>
13 75 00 00 00 
00 00 00 00 00 00 00 d6 90 00 
<<<<
>>>>
13 77 00 00 08 00 00 00 00 00 00 00 d6 
d7 3e 49 b4 74 ac 56 e2 af ff d5 25 ed 2e 41 b0 37 a8 86 f5 b6 4c 73 ca 67 5e 01 ce c7 8e 60 3f 90 00 
<<<<
>>>>
13 76 00 00 00 
9c ee dc 75 c3 d7 92 42 8f 67 55 f8 b1 c7 9d 85 2b 4e e6 b0 f8 07 cd 09 72 34 0e ab 8a 67 b9 0a 90 00 
<<<<
>>>>
13 75 00 00 00 
00 00 00 00 00 00 00 d7 90 00 
<<<<
>>>>
13 76 00 00 00 
cb fd ec 00 5f 23 57 a9 91 14 f2 41 d8 b1 3b c0 ca 01 71 9a 00 34 df df 9c bd f6 06 83 55 6c f1 90 00 
<<<<
>>>>
13 77 00 00 08 00 00 00 00 00 00 00 d7 
9c ee dc 75 c3 d7 92 42 8f 67 55 f8 b1 c7 9d 85 2b 4e e6 b0 f8 07 cd 09 72 34 0e ab 8a 67 b9 0a 90 00 
<<<<
>>>>
13 75 00 00 00 
00 00 00 00 00 00 00 d8 90 00 
<<<<
>>>>
13 77 00 00 08 00 00 00 00 00 00 00 d8 
cb fd ec 00 5f 23 57 a9 91 14 f2 41 d8 b1 3b c0 ca 01 71 9a 00 34 df df 9c bd f6 06 83 55 6c f1 90 00 
<<<<
>>>>
13 76 00 00 00 
20 80 76 9f c2 f0 f8 35 5e 63 3e be c6 b0 d5 3d 0f e6 82 85 90 86 24 f7 3d dd 30 4d 68 e2 a3 fb 90 00 
<<<<
>>>>
13 75 00 00 00 
00 00 00 00 00 00 00 d9 90 00 
<<<<
>>>>
13 76 00 00 00 
3e 68 aa bb 2e 65 63 54 b4 82 ac de c9 e6 a3 49 c3 27 1e 3b 20 4b d3 f0 56 43 45 07 c3 b5 83 f7 90 00 
<<<<
>>>>
13 77 00 00 08 00 00 00 00 00 00 00 d9 
20 80 76 9f c2 f0 f8 35 5e 63 3e be c6 b0 d5 3d 0f e6 82 85 90 86 24 f7 3d dd 30 4d 68 e2 a3 fb 90 00 
<<<<
>>>>
13 75 00 00 00 
00 00 00 00 00 00 00 da 90 00 
<<<<
>>>>
13 77 00 00 08 00 00 00 00 00 00 00 da 
3e 68 aa bb 2e 65 63 54 b4 82 ac de c9 e6 a3 49 c3 27 1e 3b 20 4b d3 f0 56 43 45 07 c3 b5 83 f7 90 00 
<<<<
>>>>
13 76 00 00 00 
a2 80 dd f8 0f 99 68 07 e0 7e 67 87 08 08 68 25 ca ea 2d 9e 98 4c d8 a8 e4 95 5a 6f cd 82 57 81 90 00 
<<<<
>>>>
13 75 00 00 00 
00 00 00 00 00 00 00 db 90 00 
<<<<
>>>>
13 76 00 00 00 
2f 44 6a 67 17 6a 2d db ba 05 4c 7d 73 fe 21 43 7a 1c 3d 56 a7 c5 42 8e 15 dc 0d a3 ce 9f ee a9 90 00 
<<<<
>>>>
13 77 00 00 08 00 00 00 00 00 00 00 db 
a2 80 dd f8 0f 99 68 07 e0 7e 67 87 08 08 68 25 ca ea 2d 9e 98 4c d8 a8 e4 95 5a 6f cd 82 57 81 90 00 
<<<<
>>>>
13 75 00 00 00 
00 00 00 00 00 00 00 dc 90 00 
<<<<
>>>>
13 77 00 00 08 00 00 00 00 00 00 00 dc 
2f 44 6a 67 17 6a 2d db ba 05 4c 7d 73 fe 21 43 7a 1c 3d 56 a7 c5 42 8e 15 dc 0d a3 ce 9f ee a9 90 00 
<<<<
>>>>
13 76 00 00 00 
51 6f 5e 66 ce b6 08 bc f5 77 57 68 e4 95 2c 85 0b 8e 60 8b 57 22 46 70 2c 45 cb 91 8f 83 25 25 90 00 
<<<<
>>>>
13 75 00 00 00 
00 00 00 00 00 00 00 dd 90 00 
<<<<
>>>>
13 76 00 00 00 
0d e7 a6 2b bb 48 3d 17 a7 69 b6 95 0d 53 c4 ea a6 08 fb f6 7f 0f e2 04 c6 08 73 61 2b 43 74 34 90 00 
<<<<
>>>>
13 77 00 00 08 00 00 00 00 00 00 00 dd 
51 6f 5e 66 ce b6 08 bc f5 77 57 68 e4 95 2c 85 0b 8e 60 8b 57 22 46 70 2c 45 cb 91 8f 83 25 25 90 00 
<<<<
>>>>
13 75 00 00 00 
00 00 00 00 00 00 00 de 90 00 
<<<<
>>>>
13 77 00 00 08 00 00 00 00 00 00 00 de 
0d e7 a6 2b bb 48 3d 17 a7 69 b6 95 0d 53 c4 ea a6 08 fb f6 7f 0f e2 04 c6 08 73 61 2b 43 74 34 90 00 
<<<<
>>>>
13 76 00 00 00 
e5 26 c1 bc d0 9e e0 f4 1b 5f c7 74 e6 19 9a 8a c3 e7 95 d9 07 78 91 4d 8b 19 c4 4c 25 0b be 06 90 00 
<<<<
>>>>
13 75 00 00 00 
00 00 00 00 00 00 00 df 90 00 
<<<<
>>>>
13 76 00 00 00 
60 18 bb 03 cf 20 e0 02 44 d6 bc b6 db 0e 14 ee a7 83 f5 4a 55 99 3e 28 82 52 6a c0 55 bb 36 a2 90 00 
<<<<
>>>>
13 77 00 00 08 00 00 00 00 00 00 00 df 
e5 26 c1 bc d0 9e e0 f4 1b 5f c7 74 e6 19 9a 8a c3 e7 95 d9 07 78 91 4d 8b 19 c4 4c 25 0b be 06 90 00 
<<<<
>>>>
13 75 00 00 00 
00 00 00 00 00 00 00 e0 90 00 
<<<<
>>>>
13 77 00 00 08 00 00 00 00 00 00 00 e0 
60 18 bb 03 cf 20 e0 02 44 d6 bc b6 db 0e 14 ee a7 83 f5 4a 55 99 3e 28 82 52 6a c0 55 bb 36 a2 90 00 
<<<<
>>>>
13 76 00 00 00 
1d 98 ab 1a 2f 8b 12 51 4c 07 74 0f 2a 77 2c 8a 09 e7 bf b9 6f c2 49 38 79 39 f2 8f 24 2c c4 91 90 00 
<<<<
>>>>
13 75 00 00 00 
00 00 00 00 00 00 00 e1 90 00 
<<<<
>>>>
13 76 00 00 00 
78 66 44 1f bb b0 2e 8d 72 6a 75 10 27 c4 4d 72 d5 9e 7a 3c 73 c1 d6 5d 5f 66 6c f0 67 03 3c ed 90 00 
<<<<
>>>>
13 77 00 00 08 00 00 00 00 00 00 00 e1 
1d 98 ab 1a 2f 8b 12 51 4c 07 74 0f 2a 77 2c 8a 09 e7 bf b9 6f c2 49 38 79 39 f2 8f 24 2c c4 91 90 00 
<<<<
>>>>
13 75 00 00 00 
00 00 00 00 00 00 00 e2 90 00 
<<<<
>>>>
13 77 00 00 08 00 00 00 00 00 00 00 e2 
78 66 44 1f bb b0 2e 8d 72 6a 75 10 27 c4 4d 72 d5 9e 7a 3c 73 c1 d6 5d 5f 66 6c f0 67 03 3c ed 90 00 
<<<<
>>>>
13 76 00 00 00 
c7 a5 3c e3 b4 1b 61 44 91 f9 f0 5b 0b 75 b2 b0 13 23 f4 88 85 ae fd c5 fe 03 f0 c5 37 03 8d 8a 90 00 
<<<<
>>>>
13 75 00 00 00 
00 00 00 00 00 00 00 e3 90 00 
<<<<
>>>>
13 76 00 00 00 
[...]
63 00 
<<<<
>>>>
13 72 00 00 10 00 00 00 00 00 00 00 00 00 00 00 00 00 00 00 01 
63 00 
<<<<
>>>>
13 72 00 00 10 00 00 00 00 00 00 00 00 00 00 00 00 00 00 00 01 
63 00 
<<<<
>>>>
13 72 00 00 10 00 00 00 00 00 00 00 00 00 00 00 00 00 00 00 01 
63 00 
<<<<
>>>>
13 72 00 00 10 00 00 00 00 00 00 00 00 00 00 00 00 00 00 00 01 
63 00 
<<<<
>>>>
13 72 00 00 10 00 00 00 00 00 00 00 00 00 00 00 00 00 00 00 01 
63 00 
<<<<
>>>>
13 72 00 00 10 00 00 00 00 00 00 00 00 00 00 00 00 00 00 00 01 
63 00 
<<<<
>>>>
13 72 00 00 10 00 00 00 00 00 00 00 00 00 00 00 00 00 00 00 01 
63 00 
<<<<
>>>>
13 72 00 00 10 00 00 00 00 00 00 00 00 00 00 00 00 00 00 00 01 
63 00 
<<<<
>>>>
13 72 00 00 10 00 00 00 00 00 00 00 00 00 00 00 00 00 00 00 01 
63 00 
<<<<
>>>>
13 72 00 00 10 00 00 00 00 00 00 00 00 00 00 00 00 00 00 00 01 
63 00 
<<<<
>>>>
13 72 00 00 10 00 00 00 00 00 00 00 00 00 00 00 00 00 00 00 01 
63 00 
<<<<
>>>>
13 72 00 00 10 00 00 00 00 00 00 00 00 00 00 00 00 00 00 00 01 
63 00 
<<<<
>>>>
13 72 00 00 10 00 00 00 00 00 00 00 00 00 00 00 00 00 00 00 01 
63 00 
<<<<
>>>>
13 72 00 00 10 00 00 00 00 00 00 00 00 00 00 00 00 00 00 00 01 
63 00 
<<<<
>>>>
13 72 00 00 10 00 00 00 00 00 00 00 00 00 00 00 00 00 00 00 01 
63 00 
<<<<
>>>>
13 72 00 00 10 00 00 00 00 00 00 00 00 00 00 00 00 00 00 00 01 
63 00 
<<<<
>>>>
13 72 00 00 10 00 00 00 00 00 00 00 00 00 00 00 00 00 00 00 01 
63 00 
<<<<
>>>>
13 72 00 00 10 00 00 00 00 00 00 00 00 00 00 00 00 00 00 00 01 
63 00 
<<<<
>>>>
13 72 00 00 10 00 00 00 00 00 00 00 00 00 00 00 00 00 00 00 01 
63 00 
<<<<
>>>>
13 72 00 00 10 00 00 00 00 00 00 00 00 00 00 00 00 00 00 00 01 
63 00 
<<<<
>>>>
13 72 00 00 10 00 00 00 00 00 00 00 00 00 00 00 00 00 00 00 01 
63 00 
<<<<
>>>>
13 72 00 00 10 00 00 00 00 00 00 00 00 00 00 00 00 00 00 00 01 
63 00 
<<<<
>>>>
13 72 00 00 10 00 00 00 00 00 00 00 00 00 00 00 00 00 00 00 01 
63 00 
<<<<
>>>>
13 72 00 00 10 00 00 00 00 00 00 00 00 00 00 00 00 00 00 00 01 
63 00 
<<<<
>>>>
13 72 00 00 10 00 00 00 00 00 00 00 00 00 00 00 00 00 00 00 01 
63 00 
<<<<
>>>>
13 72 00 00 10 00 00 00 00 00 00 00 00 00 00 00 00 00 00 00 01 
63 00 
<<<<
>>>>
13 72 00 00 10 00 00 00 00 00 00 00 00 00 00 00 00 00 00 00 01 
63 00 
<<<<
>>>>
13 72 00 00 10 00 00 00 00 00 00 00 00 00 00 00 00 00 00 00 01 
63 00 
<<<<
>>>>
13 72 00 00 10 00 00 00 00 00 00 00 00 00 00 00 00 00 00 00 01 
63 00 
<<<<
>>>>
13 72 00 00 10 00 00 00 00 00 00 00 00 00 00 00 00 00 00 00 01 
63 00 
<<<<
>>>>
13 72 00 00 10 00 00 00 00 00 00 00 00 00 00 00 00 00 00 00 01 
63 00 
<<<<
>>>>
13 72 00 00 10 00 00 00 00 00 00 00 00 00 00 00 00 00 00 00 01 
63 00 
<<<<
>>>>
13 72 00 00 10 00 00 00 00 00 00 00 00 00 00 00 00 00 00 00 01 
63 00 
<<<<
>>>>
13 72 00 00 10 00 00 00 00 00 00 00 00 00 00 00 00 00 00 00 01 
63 00 
<<<<
>>>>
13 72 00 00 10 00 00 00 00 00 00 00 00 00 00 00 00 00 00 00 01 
63 00 
<<<<
>>>>
13 72 00 00 10 00 00 00 00 00 00 00 00 00 00 00 00 00 00 00 01 
63 00 
<<<<
>>>>
13 72 00 00 10 00 00 00 00 00 00 00 00 00 00 00 00 00 00 00 01 
63 00 
<<<<
>>>>
13 72 00 00 10 00 00 00 00 00 00 00 00 00 00 00 00 00 00 00 01 
63 00 
<<<<
>>>>
13 72 00 00 10 00 00 00 00 00 00 00 00 00 00 00 00 00 00 00 01 
63 00 
<<<<
>>>>
13 72 00 00 10 00 00 00 00 00 00 00 00 00 00 00 00 00 00 00 01 
63 00 
<<<<
>>>>
13 72 00 00 10 00 00 00 00 00 00 00 00 00 00 00 00 00 00 00 01 
63 00 
<<<<
>>>>
13 72 00 00 10 00 00 00 00 00 00 00 00 00 00 00 00 00 00 00 01 
63 00 
<<<<
>>>>
13 72 00 00 10 00 00 00 00 00 00 00 00 00 00 00 00 00 00 00 01 
63 00 
<<<<
>>>>
13 72 00 00 10 00 00 00 00 00 00 00 00 00 00 00 00 00 00 00 01 
63 00 
<<<<
>>>>
13 72 00 00 10 00 00 00 00 00 00 00 00 00 00 00 00 00 00 00 01 
63 00 
<<<<
>>>>
13 72 00 00 10 00 00 00 00 00 00 00 00 00 00 00 00 00 00 00 01 
63 00 
<<<<
>>>>
13 72 00 00 10 00 00 00 00 00 00 00 00 00 00 00 00 00 00 00 01 
63 00 
<<<<
>>>>
13 72 00 00 10 00 00 00 00 00 00 00 00 00 00 00 00 00 00 00 01 
63 00 
<<<<
>>>>
13 72 00 00 10 00 00 00 00 00 00 00 00 00 00 00 00 00 00 00 01 
63 00 
<<<<
>>>>
13 72 00 00 10 00 00 00 00 00 00 00 00 00 00 00 00 00 00 00 01 
63 00 
<<<<
>>>>
13 72 00 00 10 00 00 00 00 00 00 00 00 00 00 00 00 00 00 00 01 
63 00 
<<<<
>>>>
13 72 00 00 10 00 00 00 00 00 00 00 00 00 00 00 00 00 00 00 01 
63 00 
<<<<
>>>>
13 72 00 00 10 00 00 00 00 00 00 00 00 00 00 00 00 00 00 00 01 
63 00 
<<<<
>>>>
13 72 00 00 10 00 00 00 00 00 00 00 00 00 00 00 00 00 00 00 01 
63 00 
<<<<
>>>>
13 72 00 00 10 00 00 00 00 00 00 00 00 00 00 00 00 00 00 00 01 
63 00 
<<<<
>>>>
13 72 00 00 10 00 00 00 00 00 00 00 00 00 00 00 00 00 00 00 01 
63 00 
<<<<
>>>>
13 72 00 00 10 00 00 00 00 00 00 00 00 00 00 00 00 00 00 00 01 
63 00 
<<<<
>>>>
13 72 00 00 10 00 00 00 00 00 00 00 00 00 00 00 00 00 00 00 01 
63 00 
<<<<
>>>>
13 72 00 00 10 00 00 00 00 00 00 00 00 00 00 00 00 00 00 00 01 
63 00 
<<<<
>>>>
13 72 00 00 10 00 00 00 00 00 00 00 00 00 00 00 00 00 00 00 01 
63 00 
<<<<
>>>>
13 72 00 00 10 00 00 00 00 00 00 00 00 00 00 00 00 00 00 00 01 
63 00 
<<<<
>>>>
13 72 00 00 10 00 00 00 00 00 00 00 00 00 00 00 00 00 00 00 01 
63 00 
<<<<
>>>>
13 72 00 00 10 00 00 00 00 00 00 00 00 00 00 00 00 00 00 00 01 
63 00 
<<<<
>>>>
13 72 00 00 10 00 00 00 00 00 00 00 00 00 00 00 00 00 00 00 01 
63 00 
<<<<
>>>>
13 72 00 00 10 00 00 00 00 00 00 00 00 00 00 00 00 00 00 00 01 
63 00 
<<<<
>>>>
13 72 00 00 10 00 00 00 00 00 00 00 00 00 00 00 00 00 00 00 01 
63 00 
<<<<
>>>>
13 72 00 00 10 00 00 00 00 00 00 00 00 00 00 00 00 00 00 00 01 
63 00 
<<<<
>>>>
13 72 00 00 10 00 00 00 00 00 00 00 00 00 00 00 00 00 00 00 01 
63 00 
<<<<
>>>>
13 72 00 00 10 00 00 00 00 00 00 00 00 00 00 00 00 00 00 00 01 
63 00 
<<<<
>>>>
13 72 00 00 10 00 00 00 00 00 00 00 00 00 00 00 00 00 00 00 01 
63 00 
<<<<
>>>>
13 72 00 00 10 00 00 00 00 00 00 00 00 00 00 00 00 00 00 00 01 
63 00 
<<<<
>>>>
13 72 00 00 10 00 00 00 00 00 00 00 00 00 00 00 00 00 00 00 01 
63 00 
<<<<
>>>>
13 72 00 00 10 00 00 00 00 00 00 00 00 00 00 00 00 00 00 00 01 
63 00 
<<<<
>>>>
13 72 00 00 10 00 00 00 00 00 00 00 00 00 00 00 00 00 00 00 01 
63 00 
<<<<
>>>>
13 72 00 00 10 00 00 00 00 00 00 00 00 00 00 00 00 00 00 00 01 
63 00 
<<<<
>>>>
13 72 00 00 10 00 00 00 00 00 00 00 00 00 00 00 00 00 00 00 01 
63 00 
<<<<
>>>>
13 72 00 00 10 00 00 00 00 00 00 00 00 00 00 00 00 00 00 00 01 
63 00 
<<<<
>>>>
13 72 00 00 10 00 00 00 00 00 00 00 00 00 00 00 00 00 00 00 01 
63 00 
<<<<
>>>>
13 72 00 00 10 00 00 00 00 00 00 00 00 00 00 00 00 00 00 00 01 
63 00 
<<<<
>>>>
13 72 00 00 10 00 00 00 00 00 00 00 00 00 00 00 00 00 00 00 01 
63 00 
<<<<
>>>>
13 72 00 00 10 00 00 00 00 00 00 00 00 00 00 00 00 00 00 00 01 
63 00 
<<<<
>>>>
13 72 00 00 10 00 00 00 00 00 00 00 00 00 00 00 00 00 00 00 01 
63 00 
<<<<
>>>>
13 72 00 00 10 00 00 00 00 00 00 00 00 00 00 00 00 00 00 00 01 
63 00 
<<<<
>>>>
13 72 00 00 10 00 00 00 00 00 00 00 00 00 00 00 00 00 00 00 01 
63 00 
<<<<
>>>>
13 72 00 00 10 00 00 00 00 00 00 00 00 00 00 00 00 00 00 00 01 
63 00 
<<<<
>>>>
13 72 00 00 10 00 00 00 00 00 00 00 00 00 00 00 00 00 00 00 01 
63 00 
<<<<
>>>>
13 72 00 00 10 00 00 00 00 00 00 00 00 00 00 00 00 00 00 00 01 
63 00 
<<<<
>>>>
13 72 00 00 10 00 00 00 00 00 00 00 00 00 00 00 00 00 00 00 01 
63 00 
<<<<
>>>>
13 72 00 00 10 00 00 00 00 00 00 00 00 00 00 00 00 00 00 00 01 
63 00 
<<<<
>>>>
13 72 00 00 10 00 00 00 00 00 00 00 00 00 00 00 00 00 00 00 01 
63 00 
<<<<
>>>>
13 72 00 00 10 00 00 00 00 00 00 00 00 00 00 00 00 00 00 00 01 
63 00 
<<<<
>>>>
13 72 00 00 10 30 30 30 30 30 30 30 30 30 30 30 30 30 30 30 30 
63 00 
<<<<
>>>>
13 72 00 00 10 30 30 30 30 30 30 30 30 30 30 30 30 30 30 30 30 
90 00 
<<<<
>>>>
13 71 00 00 04 00 00 01 01 
90 00 
<<<<
>>>>
13 70 00 00 04 00 00 01 01 
90 00 
<<<<
>>>>
13 70 00 00 04 30 30 30 30 
90 00 
<<<<
>>>>
13 71 00 00 05 01 01 01 01 01 
90 00 
<<<<
>>>>
13 75 00 00 00 
63 01 
<<<<
>>>>
13 70 00 00 05 01 01 01 01 01 
90 00 
<<<<
>>>>
13 74 00 00 00 
63 01 
<<<<
>>>>
13 75 00 00 00 
63 01 
<<<<
>>>>
13 70 00 00 04 30 30 30 30 
90 00 
<<<<
>>>>
13 71 00 00 03 00 00 00 
69 84 
<<<<
>>>>
13 71 00 00 11 00 00 00 00 00 00 00 00 00 00 00 00 00 00 00 00 00 
69 84 
<<<<
>>>>
13 70 00 00 04 01 01 01 01 
63 00 
<<<<
>>>>
13 70 00 00 04 01 01 01 01 
63 00 
<<<<
>>>>
13 70 00 00 04 01 01 01 01 
63 00 
<<<<
>>>>
13 70 00 00 04 30 30 30 30 
63 00 
<<<<
>>>>
13 70 00 00 04 01 01 01 01 
63 00 
<<<<
>>>>
13 70 00 00 04 01 01 01 01 
63 00 
<<<<
>>>>
13 70 00 00 04 30 30 30 30 
90 00 
<<<<
>>>>
13 71 00 00 04 01 01 01 01 
63 01 
<<<<
>>>>
13 72 00 00 10 30 30 30 30 30 30 30 30 30 30 30 30 30 30 30 30 
90 00 
<<<<
>>>>
13 72 00 00 10 00 00 00 00 00 00 00 00 00 00 00 00 00 00 00 01 
63 00 
<<<<
>>>>
13 72 00 00 10 00 00 00 00 00 00 00 00 00 00 00 00 00 00 00 01 
63 00 
<<<<
>>>>
13 72 00 00 10 00 00 00 00 00 00 00 00 00 00 00 00 00 00 00 01 
63 00 
<<<<
>>>>
13 72 00 00 10 00 00 00 00 00 00 00 00 00 00 00 00 00 00 00 01 
63 00 
<<<<
>>>>
13 72 00 00 10 00 00 00 00 00 00 00 00 00 00 00 00 00 00 00 01 
63 00 
<<<<
>>>>
13 72 00 00 10 00 00 00 00 00 00 00 00 00 00 00 00 00 00 00 01 
63 00 
<<<<
>>>>
13 72 00 00 10 00 00 00 00 00 00 00 00 00 00 00 00 00 00 00 01 
63 00 
<<<<
>>>>
13 72 00 00 10 00 00 00 00 00 00 00 00 00 00 00 00 00 00 00 01 
63 00 
<<<<
>>>>
13 72 00 00 10 00 00 00 00 00 00 00 00 00 00 00 00 00 00 00 01 
63 00 
<<<<
>>>>
13 72 00 00 10 00 00 00 00 00 00 00 00 00 00 00 00 00 00 00 01 
63 00 
<<<<
>>>>
13 72 00 00 10 00 00 00 00 00 00 00 00 00 00 00 00 00 00 00 01 
63 00 
<<<<
>>>>
13 72 00 00 10 00 00 00 00 00 00 00 00 00 00 00 00 00 00 00 01 
63 00 
<<<<
>>>>
13 72 00 00 10 00 00 00 00 00 00 00 00 00 00 00 00 00 00 00 01 
63 00 
<<<<
>>>>
13 72 00 00 10 00 00 00 00 00 00 00 00 00 00 00 00 00 00 00 01 
63 00 
<<<<
>>>>
13 72 00 00 10 00 00 00 00 00 00 00 00 00 00 00 00 00 00 00 01 
63 00 
<<<<
>>>>
13 72 00 00 10 00 00 00 00 00 00 00 00 00 00 00 00 00 00 00 01 
63 00 
<<<<
>>>>
13 72 00 00 10 00 00 00 00 00 00 00 00 00 00 00 00 00 00 00 01 
63 00 
<<<<
>>>>
13 72 00 00 10 00 00 00 00 00 00 00 00 00 00 00 00 00 00 00 01 
63 00 
<<<<
>>>>
13 72 00 00 10 00 00 00 00 00 00 00 00 00 00 00 00 00 00 00 01 
63 00 
<<<<
>>>>
13 72 00 00 10 00 00 00 00 00 00 00 00 00 00 00 00 00 00 00 01 
63 00 
<<<<
>>>>
13 72 00 00 10 00 00 00 00 00 00 00 00 00 00 00 00 00 00 00 01 
63 00 
<<<<
>>>>
13 72 00 00 10 00 00 00 00 00 00 00 00 00 00 00 00 00 00 00 01 
63 00 
<<<<
>>>>
13 72 00 00 10 00 00 00 00 00 00 00 00 00 00 00 00 00 00 00 01 
63 00 
<<<<
>>>>
13 72 00 00 10 00 00 00 00 00 00 00 00 00 00 00 00 00 00 00 01 
63 00 
<<<<
>>>>
13 72 00 00 10 00 00 00 00 00 00 00 00 00 00 00 00 00 00 00 01 
63 00 
<<<<
>>>>
13 72 00 00 10 00 00 00 00 00 00 00 00 00 00 00 00 00 00 00 01 
63 00 
<<<<
>>>>
13 72 00 00 10 00 00 00 00 00 00 00 00 00 00 00 00 00 00 00 01 
63 00 
<<<<
>>>>
13 72 00 00 10 00 00 00 00 00 00 00 00 00 00 00 00 00 00 00 01 
63 00 
<<<<
>>>>
13 72 00 00 10 00 00 00 00 00 00 00 00 00 00 00 00 00 00 00 01 
63 00 
<<<<
>>>>
13 72 00 00 10 00 00 00 00 00 00 00 00 00 00 00 00 00 00 00 01 
63 00 
<<<<
>>>>
13 72 00 00 10 00 00 00 00 00 00 00 00 00 00 00 00 00 00 00 01 
63 00 
<<<<
>>>>
13 72 00 00 10 00 00 00 00 00 00 00 00 00 00 00 00 00 00 00 01 
63 00 
<<<<
>>>>
13 72 00 00 10 00 00 00 00 00 00 00 00 00 00 00 00 00 00 00 01 
63 00 
<<<<
>>>>
13 72 00 00 10 00 00 00 00 00 00 00 00 00 00 00 00 00 00 00 01 
63 00 
<<<<
>>>>
13 72 00 00 10 00 00 00 00 00 00 00 00 00 00 00 00 00 00 00 01 
63 00 
<<<<
>>>>
13 72 00 00 10 00 00 00 00 00 00 00 00 00 00 00 00 00 00 00 01 
63 00 
<<<<
>>>>
13 72 00 00 10 00 00 00 00 00 00 00 00 00 00 00 00 00 00 00 01 
63 00 
<<<<
>>>>
13 72 00 00 10 00 00 00 00 00 00 00 00 00 00 00 00 00 00 00 01 
63 00 
<<<<
>>>>
13 72 00 00 10 00 00 00 00 00 00 00 00 00 00 00 00 00 00 00 01 
63 00 
<<<<
>>>>
13 72 00 00 10 00 00 00 00 00 00 00 00 00 00 00 00 00 00 00 01 
63 00 
<<<<
>>>>
13 72 00 00 10 00 00 00 00 00 00 00 00 00 00 00 00 00 00 00 01 
63 00 
<<<<
>>>>
13 72 00 00 10 00 00 00 00 00 00 00 00 00 00 00 00 00 00 00 01 
63 00 
<<<<
>>>>
13 72 00 00 10 00 00 00 00 00 00 00 00 00 00 00 00 00 00 00 01 
63 00 
<<<<
>>>>
13 72 00 00 10 00 00 00 00 00 00 00 00 00 00 00 00 00 00 00 01 
63 00 
<<<<
>>>>
13 72 00 00 10 00 00 00 00 00 00 00 00 00 00 00 00 00 00 00 01 
63 00 
<<<<
>>>>
13 72 00 00 10 00 00 00 00 00 00 00 00 00 00 00 00 00 00 00 01 
63 00 
<<<<
>>>>
13 72 00 00 10 00 00 00 00 00 00 00 00 00 00 00 00 00 00 00 01 
63 00 
<<<<
>>>>
13 72 00 00 10 00 00 00 00 00 00 00 00 00 00 00 00 00 00 00 01 
63 00 
<<<<
>>>>
13 72 00 00 10 00 00 00 00 00 00 00 00 00 00 00 00 00 00 00 01 
63 00 
<<<<
>>>>
13 72 00 00 10 00 00 00 00 00 00 00 00 00 00 00 00 00 00 00 01 
63 00 
<<<<
>>>>
13 72 00 00 10 00 00 00 00 00 00 00 00 00 00 00 00 00 00 00 01 
63 00 
<<<<
>>>>
13 72 00 00 10 00 00 00 00 00 00 00 00 00 00 00 00 00 00 00 01 
63 00 
<<<<
>>>>
13 72 00 00 10 00 00 00 00 00 00 00 00 00 00 00 00 00 00 00 01 
63 00 
<<<<
>>>>
13 72 00 00 10 00 00 00 00 00 00 00 00 00 00 00 00 00 00 00 01 
63 00 
<<<<
>>>>
13 72 00 00 10 00 00 00 00 00 00 00 00 00 00 00 00 00 00 00 01 
63 00 
<<<<
>>>>
13 72 00 00 10 00 00 00 00 00 00 00 00 00 00 00 00 00 00 00 01 
63 00 
<<<<
>>>>
13 72 00 00 10 00 00 00 00 00 00 00 00 00 00 00 00 00 00 00 01 
63 00 
<<<<
>>>>
13 72 00 00 10 00 00 00 00 00 00 00 00 00 00 00 00 00 00 00 01 
63 00 
<<<<
>>>>
13 72 00 00 10 00 00 00 00 00 00 00 00 00 00 00 00 00 00 00 01 
63 00 
<<<<
>>>>
13 72 00 00 10 00 00 00 00 00 00 00 00 00 00 00 00 00 00 00 01 
63 00 
<<<<
>>>>
13 72 00 00 10 00 00 00 00 00 00 00 00 00 00 00 00 00 00 00 01 
63 00 
<<<<
>>>>
13 72 00 00 10 00 00 00 00 00 00 00 00 00 00 00 00 00 00 00 01 
63 00 
<<<<
>>>>
13 72 00 00 10 00 00 00 00 00 00 00 00 00 00 00 00 00 00 00 01 
63 00 
<<<<
>>>>
13 72 00 00 10 00 00 00 00 00 00 00 00 00 00 00 00 00 00 00 01 
63 00 
<<<<
>>>>
13 72 00 00 10 00 00 00 00 00 00 00 00 00 00 00 00 00 00 00 01 
63 00 
<<<<
>>>>
13 72 00 00 10 00 00 00 00 00 00 00 00 00 00 00 00 00 00 00 01 
63 00 
<<<<
>>>>
13 72 00 00 10 00 00 00 00 00 00 00 00 00 00 00 00 00 00 00 01 
63 00 
<<<<
>>>>
13 72 00 00 10 00 00 00 00 00 00 00 00 00 00 00 00 00 00 00 01 
63 00 
<<<<
>>>>
13 72 00 00 10 00 00 00 00 00 00 00 00 00 00 00 00 00 00 00 01 
63 00 
<<<<
>>>>
13 72 00 00 10 00 00 00 00 00 00 00 00 00 00 00 00 00 00 00 01 
63 00 
<<<<
>>>>
13 72 00 00 10 00 00 00 00 00 00 00 00 00 00 00 00 00 00 00 01 
63 00 
<<<<
>>>>
13 72 00 00 10 00 00 00 00 00 00 00 00 00 00 00 00 00 00 00 01 
63 00 
<<<<
>>>>
13 72 00 00 10 00 00 00 00 00 00 00 00 00 00 00 00 00 00 00 01 
63 00 
<<<<
>>>>
13 72 00 00 10 00 00 00 00 00 00 00 00 00 00 00 00 00 00 00 01 
63 00 
<<<<
>>>>
13 72 00 00 10 00 00 00 00 00 00 00 00 00 00 00 00 00 00 00 01 
63 00 
<<<<
>>>>
13 72 00 00 10 00 00 00 00 00 00 00 00 00 00 00 00 00 00 00 01 
63 00 
<<<<
>>>>
13 72 00 00 10 00 00 00 00 00 00 00 00 00 00 00 00 00 00 00 01 
63 00 
<<<<
>>>>
13 72 00 00 10 00 00 00 00 00 00 00 00 00 00 00 00 00 00 00 01 
63 00 
<<<<
>>>>
13 72 00 00 10 00 00 00 00 00 00 00 00 00 00 00 00 00 00 00 01 
63 00 
<<<<
>>>>
13 72 00 00 10 00 00 00 00 00 00 00 00 00 00 00 00 00 00 00 01 
63 00 
<<<<
>>>>
13 72 00 00 10 00 00 00 00 00 00 00 00 00 00 00 00 00 00 00 01 
63 00 
<<<<
>>>>
13 72 00 00 10 00 00 00 00 00 00 00 00 00 00 00 00 00 00 00 01 
63 00 
<<<<
>>>>
13 72 00 00 10 00 00 00 00 00 00 00 00 00 00 00 00 00 00 00 01 
63 00 
<<<<
>>>>
13 72 00 00 10 00 00 00 00 00 00 00 00 00 00 00 00 00 00 00 01 
63 00 
<<<<
>>>>
13 72 00 00 10 00 00 00 00 00 00 00 00 00 00 00 00 00 00 00 01 
63 00 
<<<<
>>>>
13 72 00 00 10 00 00 00 00 00 00 00 00 00 00 00 00 00 00 00 01 
63 00 
<<<<
>>>>
13 72 00 00 10 00 00 00 00 00 00 00 00 00 00 00 00 00 00 00 01 
63 00 
<<<<
>>>>
13 72 00 00 10 00 00 00 00 00 00 00 00 00 00 00 00 00 00 00 01 
63 00 
<<<<
>>>>
13 72 00 00 10 00 00 00 00 00 00 00 00 00 00 00 00 00 00 00 01 
63 00 
<<<<
>>>>
13 72 00 00 10 00 00 00 00 00 00 00 00 00 00 00 00 00 00 00 01 
63 00 
<<<<
>>>>
13 72 00 00 10 00 00 00 00 00 00 00 00 00 00 00 00 00 00 00 01 
63 00 
<<<<
>>>>
13 72 00 00 10 00 00 00 00 00 00 00 00 00 00 00 00 00 00 00 01 
63 00 
<<<<
>>>>
13 72 00 00 10 00 00 00 00 00 00 00 00 00 00 00 00 00 00 00 01 
63 00 
<<<<
>>>>
13 72 00 00 10 00 00 00 00 00 00 00 00 00 00 00 00 00 00 00 01 
63 00 
<<<<
>>>>
13 72 00 00 10 00 00 00 00 00 00 00 00 00 00 00 00 00 00 00 01 
63 00 
<<<<
>>>>
13 72 00 00 10 00 00 00 00 00 00 00 00 00 00 00 00 00 00 00 01 
63 00 
<<<<
>>>>
13 72 00 00 10 00 00 00 00 00 00 00 00 00 00 00 00 00 00 00 01 
63 00 
<<<<
>>>>
13 72 00 00 10 00 00 00 00 00 00 00 00 00 00 00 00 00 00 00 01 
63 00 
<<<<
>>>>
13 72 00 00 10 00 00 00 00 00 00 00 00 00 00 00 00 00 00 00 01 
63 00 
<<<<
>>>>
13 72 00 00 10 00 00 00 00 00 00 00 00 00 00 00 00 00 00 00 01 
63 00 
<<<<
>>>>
13 72 00 00 10 00 00 00 00 00 00 00 00 00 00 00 00 00 00 00 01 
63 00 
<<<<
>>>>
13 72 00 00 10 00 00 00 00 00 00 00 00 00 00 00 00 00 00 00 01 
63 00 
<<<<
>>>>
13 72 00 00 10 00 00 00 00 00 00 00 00 00 00 00 00 00 00 00 01 
63 00 
<<<<
>>>>
13 72 00 00 10 00 00 00 00 00 00 00 00 00 00 00 00 00 00 00 01 
63 00 
<<<<
>>>>
13 72 00 00 10 00 00 00 00 00 00 00 00 00 00 00 00 00 00 00 01 
63 00 
<<<<
>>>>
13 72 00 00 10 00 00 00 00 00 00 00 00 00 00 00 00 00 00 00 01 
63 00 
<<<<
>>>>
13 72 00 00 10 00 00 00 00 00 00 00 00 00 00 00 00 00 00 00 01 
63 00 
<<<<
>>>>
13 72 00 00 10 00 00 00 00 00 00 00 00 00 00 00 00 00 00 00 01 
63 00 
<<<<
>>>>
13 72 00 00 10 00 00 00 00 00 00 00 00 00 00 00 00 00 00 00 01 
63 00 
<<<<
>>>>
13 72 00 00 10 00 00 00 00 00 00 00 00 00 00 00 00 00 00 00 01 
63 00 
<<<<
>>>>
13 72 00 00 10 00 00 00 00 00 00 00 00 00 00 00 00 00 00 00 01 
63 00 
<<<<
>>>>
13 72 00 00 10 00 00 00 00 00 00 00 00 00 00 00 00 00 00 00 01 
63 00 
<<<<
>>>>
13 72 00 00 10 00 00 00 00 00 00 00 00 00 00 00 00 00 00 00 01 
63 00 
<<<<
>>>>
13 72 00 00 10 00 00 00 00 00 00 00 00 00 00 00 00 00 00 00 01 
63 00 
<<<<
>>>>
13 72 00 00 10 00 00 00 00 00 00 00 00 00 00 00 00 00 00 00 01 
63 00 
<<<<
>>>>
13 72 00 00 10 00 00 00 00 00 00 00 00 00 00 00 00 00 00 00 01 
63 00 
<<<<
>>>>
13 72 00 00 10 00 00 00 00 00 00 00 00 00 00 00 00 00 00 00 01 
63 00 
<<<<
>>>>
13 72 00 00 10 00 00 00 00 00 00 00 00 00 00 00 00 00 00 00 01 
63 00 
<<<<
>>>>
13 72 00 00 10 00 00 00 00 00 00 00 00 00 00 00 00 00 00 00 01 
63 00 
<<<<
>>>>
13 72 00 00 10 00 00 00 00 00 00 00 00 00 00 00 00 00 00 00 01 
63 00 
<<<<
>>>>
13 72 00 00 10 00 00 00 00 00 00 00 00 00 00 00 00 00 00 00 01 
63 00 
<<<<
>>>>
13 72 00 00 10 00 00 00 00 00 00 00 00 00 00 00 00 00 00 00 01 
63 00 
<<<<
>>>>
13 72 00 00 10 00 00 00 00 00 00 00 00 00 00 00 00 00 00 00 01 
63 00 
<<<<
>>>>
13 72 00 00 10 00 00 00 00 00 00 00 00 00 00 00 00 00 00 00 01 
63 00 
<<<<
>>>>
13 72 00 00 10 00 00 00 00 00 00 00 00 00 00 00 00 00 00 00 01 
63 00 
<<<<
>>>>
13 72 00 00 10 00 00 00 00 00 00 00 00 00 00 00 00 00 00 00 01 
63 00 
<<<<
>>>>
13 72 00 00 10 30 30 30 30 30 30 30 30 30 30 30 30 30 30 30 30 
90 00 
<<<<
>>>>
13 73 00 00 10 00 00 00 00 00 00 00 00 00 00 00 00 00 00 00 01 
63 01 
<<<<
>>>>
13 70 00 00 04 30 30 30 30 
90 00 
<<<<
>>>>
13 74 00 00 00 
90 00 
<<<<
>>>>
13 70 00 00 04 30 30 30 30 
90 00 
<<<<
>>>>
13 76 00 00 00 
65 32 a0 6e d6 c9 58 3a 09 de ac 55 96 45 5c 62 8b d4 b8 2e bf 7b ed 1b f0 99 9f cd da 64 4c b9 90 00 
<<<<
>>>>
13 76 00 00 00 
2c 9e 8a ba 92 d5 31 0a 5c 5b 34 00 0a 44 49 6f 3d c4 4b 32 63 26 39 c1 1c d5 b5 1e a0 24 e4 b9 90 00 
<<<<
>>>>
13 76 00 00 00 
29 70 a1 8c 11 20 c3 0c 14 1a 14 70 d6 11 30 b7 51 7f 04 74 29 bb ed 77 2c 93 a4 01 5c 39 37 88 90 00 
<<<<
>>>>
13 74 00 00 00 
90 00 
<<<<
>>>>
13 75 00 00 00 
00 00 00 00 00 00 00 00 90 00 
<<<<
>>>>
13 70 00 00 04 30 30 30 30 
90 00 
<<<<
>>>>
13 75 00 00 00 
00 00 00 00 00 00 00 00 90 00 
<<<<
>>>>
13 76 00 00 00 
63 01 
<<<<
>>>>
13 70 00 00 04 30 30 30 30 
90 00 
<<<<
>>>>
13 76 00 00 00 
65 32 a0 6e d6 c9 58 3a 09 de ac 55 96 45 5c 62 8b d4 b8 2e bf 7b ed 1b f0 99 9f cd da 64 4c b9 90 00 
<<<<
>>>>
13 77 00 00 08 00 00 00 00 00 00 00 01 
65 32 a0 6e d6 c9 58 3a 09 de ac 55 96 45 5c 62 8b d4 b8 2e bf 7b ed 1b f0 99 9f cd da 64 4c b9 90 00 
<<<<
]]></system-out>
  <system-err><![CDATA[]]></system-err>
</testsuite>
